16:02:18 **** Build of project rsa_design_example_bsp_ ****
make -k all 
make[1]: Entering directory `/users/cosic/rdeclerc/Documents/ddp/2016-2017/work-packages/hw/rsa-project/src/sdk/rsa_design_example_bsp_'
make[1]: warning: jobserver unavailable: using -j1.  Add `+' to parent make rule.
Running Make include in ps7_cortexa9_0/libsrc/qspips_v3_3/src
make -C ps7_cortexa9_0/libsrc/qspips_v3_3/src -s include  "SHELL=/bin/sh" "COMPILER=arm-none-eabi-gcc" "ARCHIVER=arm-none-eabi-ar" "COMPILER_FLAGS=  -O2 -c" "EXTRA_COMPILER_FLAGS=-mcpu=cortex-a9 -mfpu=vfpv3 -mfloat-abi=hard -nostartfiles"
make[2]: Entering directory `/users/cosic/rdeclerc/Documents/ddp/2016-2017/work-packages/hw/rsa-project/src/sdk/rsa_design_example_bsp_/ps7_cortexa9_0/libsrc/qspips_v3_3/src'
make[2]: Leaving directory `/users/cosic/rdeclerc/Documents/ddp/2016-2017/work-packages/hw/rsa-project/src/sdk/rsa_design_example_bsp_/ps7_cortexa9_0/libsrc/qspips_v3_3/src'
Running Make include in ps7_cortexa9_0/libsrc/ddrps_v1_0/src
make -C ps7_cortexa9_0/libsrc/ddrps_v1_0/src -s include  "SHELL=/bin/sh" "COMPILER=arm-none-eabi-gcc" "ARCHIVER=arm-none-eabi-ar" "COMPILER_FLAGS=  -O2 -c" "EXTRA_COMPILER_FLAGS=-mcpu=cortex-a9 -mfpu=vfpv3 -mfloat-abi=hard -nostartfiles"
make[2]: Entering directory `/users/cosic/rdeclerc/Documents/ddp/2016-2017/work-packages/hw/rsa-project/src/sdk/rsa_design_example_bsp_/ps7_cortexa9_0/libsrc/ddrps_v1_0/src'
make[2]: Leaving directory `/users/cosic/rdeclerc/Documents/ddp/2016-2017/work-packages/hw/rsa-project/src/sdk/rsa_design_example_bsp_/ps7_cortexa9_0/libsrc/ddrps_v1_0/src'
Running Make include in ps7_cortexa9_0/libsrc/cpu_cortexa9_v2_2/src
make -C ps7_cortexa9_0/libsrc/cpu_cortexa9_v2_2/src -s include  "SHELL=/bin/sh" "COMPILER=arm-none-eabi-gcc" "ARCHIVER=arm-none-eabi-ar" "COMPILER_FLAGS=  -O2 -c" "EXTRA_COMPILER_FLAGS=-mcpu=cortex-a9 -mfpu=vfpv3 -mfloat-abi=hard -nostartfiles"
make[2]: Entering directory `/users/cosic/rdeclerc/Documents/ddp/2016-2017/work-packages/hw/rsa-project/src/sdk/rsa_design_example_bsp_/ps7_cortexa9_0/libsrc/cpu_cortexa9_v2_2/src'
make[2]: Leaving directory `/users/cosic/rdeclerc/Documents/ddp/2016-2017/work-packages/hw/rsa-project/src/sdk/rsa_design_example_bsp_/ps7_cortexa9_0/libsrc/cpu_cortexa9_v2_2/src'
Running Make include in ps7_cortexa9_0/libsrc/sdps_v2_8/src
make -C ps7_cortexa9_0/libsrc/sdps_v2_8/src -s include  "SHELL=/bin/sh" "COMPILER=arm-none-eabi-gcc" "ARCHIVER=arm-none-eabi-ar" "COMPILER_FLAGS=  -O2 -c" "EXTRA_COMPILER_FLAGS=-mcpu=cortex-a9 -mfpu=vfpv3 -mfloat-abi=hard -nostartfiles"
make[2]: Entering directory `/users/cosic/rdeclerc/Documents/ddp/2016-2017/work-packages/hw/rsa-project/src/sdk/rsa_design_example_bsp_/ps7_cortexa9_0/libsrc/sdps_v2_8/src'
make[2]: Leaving directory `/users/cosic/rdeclerc/Documents/ddp/2016-2017/work-packages/hw/rsa-project/src/sdk/rsa_design_example_bsp_/ps7_cortexa9_0/libsrc/sdps_v2_8/src'
Running Make include in ps7_cortexa9_0/libsrc/emacps_v3_2/src
make -C ps7_cortexa9_0/libsrc/emacps_v3_2/src -s include  "SHELL=/bin/sh" "COMPILER=arm-none-eabi-gcc" "ARCHIVER=arm-none-eabi-ar" "COMPILER_FLAGS=  -O2 -c" "EXTRA_COMPILER_FLAGS=-mcpu=cortex-a9 -mfpu=vfpv3 -mfloat-abi=hard -nostartfiles"
make[2]: Entering directory `/users/cosic/rdeclerc/Documents/ddp/2016-2017/work-packages/hw/rsa-project/src/sdk/rsa_design_example_bsp_/ps7_cortexa9_0/libsrc/emacps_v3_2/src'
make[2]: Leaving directory `/users/cosic/rdeclerc/Documents/ddp/2016-2017/work-packages/hw/rsa-project/src/sdk/rsa_design_example_bsp_/ps7_cortexa9_0/libsrc/emacps_v3_2/src'
Running Make include in ps7_cortexa9_0/libsrc/uartps_v3_1/src
make -C ps7_cortexa9_0/libsrc/uartps_v3_1/src -s include  "SHELL=/bin/sh" "COMPILER=arm-none-eabi-gcc" "ARCHIVER=arm-none-eabi-ar" "COMPILER_FLAGS=  -O2 -c" "EXTRA_COMPILER_FLAGS=-mcpu=cortex-a9 -mfpu=vfpv3 -mfloat-abi=hard -nostartfiles"
make[2]: Entering directory `/users/cosic/rdeclerc/Documents/ddp/2016-2017/work-packages/hw/rsa-project/src/sdk/rsa_design_example_bsp_/ps7_cortexa9_0/libsrc/uartps_v3_1/src'
make[2]: Leaving directory `/users/cosic/rdeclerc/Documents/ddp/2016-2017/work-packages/hw/rsa-project/src/sdk/rsa_design_example_bsp_/ps7_cortexa9_0/libsrc/uartps_v3_1/src'
Running Make include in ps7_cortexa9_0/libsrc/scugic_v3_3/src
make -C ps7_cortexa9_0/libsrc/scugic_v3_3/src -s include  "SHELL=/bin/sh" "COMPILER=arm-none-eabi-gcc" "ARCHIVER=arm-none-eabi-ar" "COMPILER_FLAGS=  -O2 -c" "EXTRA_COMPILER_FLAGS=-mcpu=cortex-a9 -mfpu=vfpv3 -mfloat-abi=hard -nostartfiles"
make[2]: Entering directory `/users/cosic/rdeclerc/Documents/ddp/2016-2017/work-packages/hw/rsa-project/src/sdk/rsa_design_example_bsp_/ps7_cortexa9_0/libsrc/scugic_v3_3/src'
make[2]: Leaving directory `/users/cosic/rdeclerc/Documents/ddp/2016-2017/work-packages/hw/rsa-project/src/sdk/rsa_design_example_bsp_/ps7_cortexa9_0/libsrc/scugic_v3_3/src'
Running Make include in ps7_cortexa9_0/libsrc/axidma_v9_2/src
make -C ps7_cortexa9_0/libsrc/axidma_v9_2/src -s include  "SHELL=/bin/sh" "COMPILER=arm-none-eabi-gcc" "ARCHIVER=arm-none-eabi-ar" "COMPILER_FLAGS=  -O2 -c" "EXTRA_COMPILER_FLAGS=-mcpu=cortex-a9 -mfpu=vfpv3 -mfloat-abi=hard -nostartfiles"
make[2]: Entering directory `/users/cosic/rdeclerc/Documents/ddp/2016-2017/work-packages/hw/rsa-project/src/sdk/rsa_design_example_bsp_/ps7_cortexa9_0/libsrc/axidma_v9_2/src'
make[2]: Leaving directory `/users/cosic/rdeclerc/Documents/ddp/2016-2017/work-packages/hw/rsa-project/src/sdk/rsa_design_example_bsp_/ps7_cortexa9_0/libsrc/axidma_v9_2/src'
Running Make include in ps7_cortexa9_0/libsrc/my_montgomery_v1_0/src
make -C ps7_cortexa9_0/libsrc/my_montgomery_v1_0/src -s include  "SHELL=/bin/sh" "COMPILER=arm-none-eabi-gcc" "ARCHIVER=arm-none-eabi-ar" "COMPILER_FLAGS=  -O2 -c" "EXTRA_COMPILER_FLAGS=-mcpu=cortex-a9 -mfpu=vfpv3 -mfloat-abi=hard -nostartfiles"
make[2]: Entering directory `/users/cosic/rdeclerc/Documents/ddp/2016-2017/work-packages/hw/rsa-project/src/sdk/rsa_design_example_bsp_/ps7_cortexa9_0/libsrc/my_montgomery_v1_0/src'
make[2]: Leaving directory `/users/cosic/rdeclerc/Documents/ddp/2016-2017/work-packages/hw/rsa-project/src/sdk/rsa_design_example_bsp_/ps7_cortexa9_0/libsrc/my_montgomery_v1_0/src'
Running Make include in ps7_cortexa9_0/libsrc/xadcps_v2_2/src
make -C ps7_cortexa9_0/libsrc/xadcps_v2_2/src -s include  "SHELL=/bin/sh" "COMPILER=arm-none-eabi-gcc" "ARCHIVER=arm-none-eabi-ar" "COMPILER_FLAGS=  -O2 -c" "EXTRA_COMPILER_FLAGS=-mcpu=cortex-a9 -mfpu=vfpv3 -mfloat-abi=hard -nostartfiles"
make[2]: Entering directory `/users/cosic/rdeclerc/Documents/ddp/2016-2017/work-packages/hw/rsa-project/src/sdk/rsa_design_example_bsp_/ps7_cortexa9_0/libsrc/xadcps_v2_2/src'
make[2]: Leaving directory `/users/cosic/rdeclerc/Documents/ddp/2016-2017/work-packages/hw/rsa-project/src/sdk/rsa_design_example_bsp_/ps7_cortexa9_0/libsrc/xadcps_v2_2/src'
Running Make include in ps7_cortexa9_0/libsrc/devcfg_v3_4/src
make -C ps7_cortexa9_0/libsrc/devcfg_v3_4/src -s include  "SHELL=/bin/sh" "COMPILER=arm-none-eabi-gcc" "ARCHIVER=arm-none-eabi-ar" "COMPILER_FLAGS=  -O2 -c" "EXTRA_COMPILER_FLAGS=-mcpu=cortex-a9 -mfpu=vfpv3 -mfloat-abi=hard -nostartfiles"
make[2]: Entering directory `/users/cosic/rdeclerc/Documents/ddp/2016-2017/work-packages/hw/rsa-project/src/sdk/rsa_design_example_bsp_/ps7_cortexa9_0/libsrc/devcfg_v3_4/src'
make[2]: Leaving directory `/users/cosic/rdeclerc/Documents/ddp/2016-2017/work-packages/hw/rsa-project/src/sdk/rsa_design_example_bsp_/ps7_cortexa9_0/libsrc/devcfg_v3_4/src'
Running Make include in ps7_cortexa9_0/libsrc/dmaps_v2_1/src
make -C ps7_cortexa9_0/libsrc/dmaps_v2_1/src -s include  "SHELL=/bin/sh" "COMPILER=arm-none-eabi-gcc" "ARCHIVER=arm-none-eabi-ar" "COMPILER_FLAGS=  -O2 -c" "EXTRA_COMPILER_FLAGS=-mcpu=cortex-a9 -mfpu=vfpv3 -mfloat-abi=hard -nostartfiles"
make[2]: Entering directory `/users/cosic/rdeclerc/Documents/ddp/2016-2017/work-packages/hw/rsa-project/src/sdk/rsa_design_example_bsp_/ps7_cortexa9_0/libsrc/dmaps_v2_1/src'
make[2]: Leaving directory `/users/cosic/rdeclerc/Documents/ddp/2016-2017/work-packages/hw/rsa-project/src/sdk/rsa_design_example_bsp_/ps7_cortexa9_0/libsrc/dmaps_v2_1/src'
Running Make include in ps7_cortexa9_0/libsrc/gpiops_v3_1/src
make -C ps7_cortexa9_0/libsrc/gpiops_v3_1/src -s include  "SHELL=/bin/sh" "COMPILER=arm-none-eabi-gcc" "ARCHIVER=arm-none-eabi-ar" "COMPILER_FLAGS=  -O2 -c" "EXTRA_COMPILER_FLAGS=-mcpu=cortex-a9 -mfpu=vfpv3 -mfloat-abi=hard -nostartfiles"
make[2]: Entering directory `/users/cosic/rdeclerc/Documents/ddp/2016-2017/work-packages/hw/rsa-project/src/sdk/rsa_design_example_bsp_/ps7_cortexa9_0/libsrc/gpiops_v3_1/src'
make[2]: Leaving directory `/users/cosic/rdeclerc/Documents/ddp/2016-2017/work-packages/hw/rsa-project/src/sdk/rsa_design_example_bsp_/ps7_cortexa9_0/libsrc/gpiops_v3_1/src'
Running Make include in ps7_cortexa9_0/libsrc/scuwdt_v2_1/src
make -C ps7_cortexa9_0/libsrc/scuwdt_v2_1/src -s include  "SHELL=/bin/sh" "COMPILER=arm-none-eabi-gcc" "ARCHIVER=arm-none-eabi-ar" "COMPILER_FLAGS=  -O2 -c" "EXTRA_COMPILER_FLAGS=-mcpu=cortex-a9 -mfpu=vfpv3 -mfloat-abi=hard -nostartfiles"
make[2]: Entering directory `/users/cosic/rdeclerc/Documents/ddp/2016-2017/work-packages/hw/rsa-project/src/sdk/rsa_design_example_bsp_/ps7_cortexa9_0/libsrc/scuwdt_v2_1/src'
make[2]: Leaving directory `/users/cosic/rdeclerc/Documents/ddp/2016-2017/work-packages/hw/rsa-project/src/sdk/rsa_design_example_bsp_/ps7_cortexa9_0/libsrc/scuwdt_v2_1/src'
Running Make include in ps7_cortexa9_0/libsrc/ttcps_v3_1/src
make -C ps7_cortexa9_0/libsrc/ttcps_v3_1/src -s include  "SHELL=/bin/sh" "COMPILER=arm-none-eabi-gcc" "ARCHIVER=arm-none-eabi-ar" "COMPILER_FLAGS=  -O2 -c" "EXTRA_COMPILER_FLAGS=-mcpu=cortex-a9 -mfpu=vfpv3 -mfloat-abi=hard -nostartfiles"
make[2]: Entering directory `/users/cosic/rdeclerc/Documents/ddp/2016-2017/work-packages/hw/rsa-project/src/sdk/rsa_design_example_bsp_/ps7_cortexa9_0/libsrc/ttcps_v3_1/src'
make[2]: Leaving directory `/users/cosic/rdeclerc/Documents/ddp/2016-2017/work-packages/hw/rsa-project/src/sdk/rsa_design_example_bsp_/ps7_cortexa9_0/libsrc/ttcps_v3_1/src'
Running Make include in ps7_cortexa9_0/libsrc/coresightps_dcc_v1_2/src
make -C ps7_cortexa9_0/libsrc/coresightps_dcc_v1_2/src -s include  "SHELL=/bin/sh" "COMPILER=arm-none-eabi-gcc" "ARCHIVER=arm-none-eabi-ar" "COMPILER_FLAGS=  -O2 -c" "EXTRA_COMPILER_FLAGS=-mcpu=cortex-a9 -mfpu=vfpv3 -mfloat-abi=hard -nostartfiles"
make[2]: Entering directory `/users/cosic/rdeclerc/Documents/ddp/2016-2017/work-packages/hw/rsa-project/src/sdk/rsa_design_example_bsp_/ps7_cortexa9_0/libsrc/coresightps_dcc_v1_2/src'
make[2]: Leaving directory `/users/cosic/rdeclerc/Documents/ddp/2016-2017/work-packages/hw/rsa-project/src/sdk/rsa_design_example_bsp_/ps7_cortexa9_0/libsrc/coresightps_dcc_v1_2/src'
Running Make include in ps7_cortexa9_0/libsrc/standalone_v5_5/src
make -C ps7_cortexa9_0/libsrc/standalone_v5_5/src -s include  "SHELL=/bin/sh" "COMPILER=arm-none-eabi-gcc" "ARCHIVER=arm-none-eabi-ar" "COMPILER_FLAGS=  -O2 -c" "EXTRA_COMPILER_FLAGS=-mcpu=cortex-a9 -mfpu=vfpv3 -mfloat-abi=hard -nostartfiles"
make[2]: Entering directory `/users/cosic/rdeclerc/Documents/ddp/2016-2017/work-packages/hw/rsa-project/src/sdk/rsa_design_example_bsp_/ps7_cortexa9_0/libsrc/standalone_v5_5/src'
make[3]: Entering directory `/users/cosic/rdeclerc/Documents/ddp/2016-2017/work-packages/hw/rsa-project/src/sdk/rsa_design_example_bsp_/ps7_cortexa9_0/libsrc/standalone_v5_5/src/profile'
make[3]: Leaving directory `/users/cosic/rdeclerc/Documents/ddp/2016-2017/work-packages/hw/rsa-project/src/sdk/rsa_design_example_bsp_/ps7_cortexa9_0/libsrc/standalone_v5_5/src/profile'
make[2]: Leaving directory `/users/cosic/rdeclerc/Documents/ddp/2016-2017/work-packages/hw/rsa-project/src/sdk/rsa_design_example_bsp_/ps7_cortexa9_0/libsrc/standalone_v5_5/src'
Running Make include in ps7_cortexa9_0/libsrc/usbps_v2_4/src
make -C ps7_cortexa9_0/libsrc/usbps_v2_4/src -s include  "SHELL=/bin/sh" "COMPILER=arm-none-eabi-gcc" "ARCHIVER=arm-none-eabi-ar" "COMPILER_FLAGS=  -O2 -c" "EXTRA_COMPILER_FLAGS=-mcpu=cortex-a9 -mfpu=vfpv3 -mfloat-abi=hard -nostartfiles"
make[2]: Entering directory `/users/cosic/rdeclerc/Documents/ddp/2016-2017/work-packages/hw/rsa-project/src/sdk/rsa_design_example_bsp_/ps7_cortexa9_0/libsrc/usbps_v2_4/src'
make[2]: Leaving directory `/users/cosic/rdeclerc/Documents/ddp/2016-2017/work-packages/hw/rsa-project/src/sdk/rsa_design_example_bsp_/ps7_cortexa9_0/libsrc/usbps_v2_4/src'
Running Make include in ps7_cortexa9_0/libsrc/scutimer_v2_1/src
make -C ps7_cortexa9_0/libsrc/scutimer_v2_1/src -s include  "SHELL=/bin/sh" "COMPILER=arm-none-eabi-gcc" "ARCHIVER=arm-none-eabi-ar" "COMPILER_FLAGS=  -O2 -c" "EXTRA_COMPILER_FLAGS=-mcpu=cortex-a9 -mfpu=vfpv3 -mfloat-abi=hard -nostartfiles"
make[2]: Entering directory `/users/cosic/rdeclerc/Documents/ddp/2016-2017/work-packages/hw/rsa-project/src/sdk/rsa_design_example_bsp_/ps7_cortexa9_0/libsrc/scutimer_v2_1/src'
make[2]: Leaving directory `/users/cosic/rdeclerc/Documents/ddp/2016-2017/work-packages/hw/rsa-project/src/sdk/rsa_design_example_bsp_/ps7_cortexa9_0/libsrc/scutimer_v2_1/src'
Running Make libs in ps7_cortexa9_0/libsrc/qspips_v3_3/src
make -C ps7_cortexa9_0/libsrc/qspips_v3_3/src -s libs  "SHELL=/bin/sh" "COMPILER=arm-none-eabi-gcc" "ARCHIVER=arm-none-eabi-ar" "COMPILER_FLAGS=  -O2 -c" "EXTRA_COMPILER_FLAGS=-mcpu=cortex-a9 -mfpu=vfpv3 -mfloat-abi=hard -nostartfiles"
make[2]: Entering directory `/users/cosic/rdeclerc/Documents/ddp/2016-2017/work-packages/hw/rsa-project/src/sdk/rsa_design_example_bsp_/ps7_cortexa9_0/libsrc/qspips_v3_3/src'
Compiling qspips
arm-none-eabi-ar: ../../../lib/libxil.a: No such file or directory
make[2]: *** [xqspips_libs] Error 1
make[2]: Leaving directory `/users/cosic/rdeclerc/Documents/ddp/2016-2017/work-packages/hw/rsa-project/src/sdk/rsa_design_example_bsp_/ps7_cortexa9_0/libsrc/qspips_v3_3/src'
make[2]: Target `libs' not remade because of errors.
Running Make libs in ps7_cortexa9_0/libsrc/ddrps_v1_0/src
make -C ps7_cortexa9_0/libsrc/ddrps_v1_0/src -s libs  "SHELL=/bin/sh" "COMPILER=arm-none-eabi-gcc" "ARCHIVER=arm-none-eabi-ar" "COMPILER_FLAGS=  -O2 -c" "EXTRA_COMPILER_FLAGS=-mcpu=cortex-a9 -mfpu=vfpv3 -mfloat-abi=hard -nostartfiles"
make[2]: Entering directory `/users/cosic/rdeclerc/Documents/ddp/2016-2017/work-packages/hw/rsa-project/src/sdk/rsa_design_example_bsp_/ps7_cortexa9_0/libsrc/ddrps_v1_0/src'
make[1]: *** [ps7_cortexa9_0/libsrc/qspips_v3_3/src/make.libs] Error 2
Compiling ddrps
arm-none-eabi-ar: ../../../lib/libxil.a: No such file or directory
make[2]: Leaving directory `/users/cosic/rdeclerc/Documents/ddp/2016-2017/work-packages/hw/rsa-project/src/sdk/rsa_design_example_bsp_/ps7_cortexa9_0/libsrc/ddrps_v1_0/src'
make[2]: *** [xddrps_libs] Error 1
Running Make libs in ps7_cortexa9_0/libsrc/cpu_cortexa9_v2_2/src
make[2]: Target `libs' not remade because of errors.
make -C ps7_cortexa9_0/libsrc/cpu_cortexa9_v2_2/src -s libs  "SHELL=/bin/sh" "COMPILER=arm-none-eabi-gcc" "ARCHIVER=arm-none-eabi-ar" "COMPILER_FLAGS=  -O2 -c" "EXTRA_COMPILER_FLAGS=-mcpu=cortex-a9 -mfpu=vfpv3 -mfloat-abi=hard -nostartfiles"
make[1]: *** [ps7_cortexa9_0/libsrc/ddrps_v1_0/src/make.libs] Error 2
make[2]: Entering directory `/users/cosic/rdeclerc/Documents/ddp/2016-2017/work-packages/hw/rsa-project/src/sdk/rsa_design_example_bsp_/ps7_cortexa9_0/libsrc/cpu_cortexa9_v2_2/src'
Compiling cpu_cortexa9
make[2]: Leaving directory `/users/cosic/rdeclerc/Documents/ddp/2016-2017/work-packages/hw/rsa-project/src/sdk/rsa_design_example_bsp_/ps7_cortexa9_0/libsrc/cpu_cortexa9_v2_2/src'
Running Make libs in ps7_cortexa9_0/libsrc/sdps_v2_8/src
make -C ps7_cortexa9_0/libsrc/sdps_v2_8/src -s libs  "SHELL=/bin/sh" "COMPILER=arm-none-eabi-gcc" "ARCHIVER=arm-none-eabi-ar" "COMPILER_FLAGS=  -O2 -c" "EXTRA_COMPILER_FLAGS=-mcpu=cortex-a9 -mfpu=vfpv3 -mfloat-abi=hard -nostartfiles"
make[2]: Entering directory `/users/cosic/rdeclerc/Documents/ddp/2016-2017/work-packages/hw/rsa-project/src/sdk/rsa_design_example_bsp_/ps7_cortexa9_0/libsrc/sdps_v2_8/src'
Compiling sdps
arm-none-eabi-ar: ../../../lib/libxil.a: No such file or directory
make[2]: *** [xsdps_libs] Error 1
make[2]: Leaving directory `/users/cosic/rdeclerc/Documents/ddp/2016-2017/work-packages/hw/rsa-project/src/sdk/rsa_design_example_bsp_/ps7_cortexa9_0/libsrc/sdps_v2_8/src'
make[2]: Target `libs' not remade because of errors.
make[1]: *** [ps7_cortexa9_0/libsrc/sdps_v2_8/src/make.libs] Error 2
Running Make libs in ps7_cortexa9_0/libsrc/emacps_v3_2/src
make -C ps7_cortexa9_0/libsrc/emacps_v3_2/src -s libs  "SHELL=/bin/sh" "COMPILER=arm-none-eabi-gcc" "ARCHIVER=arm-none-eabi-ar" "COMPILER_FLAGS=  -O2 -c" "EXTRA_COMPILER_FLAGS=-mcpu=cortex-a9 -mfpu=vfpv3 -mfloat-abi=hard -nostartfiles"
make[2]: Entering directory `/users/cosic/rdeclerc/Documents/ddp/2016-2017/work-packages/hw/rsa-project/src/sdk/rsa_design_example_bsp_/ps7_cortexa9_0/libsrc/emacps_v3_2/src'
Compiling emacps
arm-none-eabi-ar: ../../../lib/libxil.a: No such file or directory
make[2]: *** [xemacps_libs] Error 1
make[2]: Leaving directory `/users/cosic/rdeclerc/Documents/ddp/2016-2017/work-packages/hw/rsa-project/src/sdk/rsa_design_example_bsp_/ps7_cortexa9_0/libsrc/emacps_v3_2/src'
make[2]: Target `libs' not remade because of errors.
Running Make libs in ps7_cortexa9_0/libsrc/uartps_v3_1/src
make[1]: *** [ps7_cortexa9_0/libsrc/emacps_v3_2/src/make.libs] Error 2
make -C ps7_cortexa9_0/libsrc/uartps_v3_1/src -s libs  "SHELL=/bin/sh" "COMPILER=arm-none-eabi-gcc" "ARCHIVER=arm-none-eabi-ar" "COMPILER_FLAGS=  -O2 -c" "EXTRA_COMPILER_FLAGS=-mcpu=cortex-a9 -mfpu=vfpv3 -mfloat-abi=hard -nostartfiles"
make[2]: Entering directory `/users/cosic/rdeclerc/Documents/ddp/2016-2017/work-packages/hw/rsa-project/src/sdk/rsa_design_example_bsp_/ps7_cortexa9_0/libsrc/uartps_v3_1/src'
Compiling uartps
arm-none-eabi-ar: ../../../lib/libxil.a: No such file or directory
make[2]: *** [xuartps_libs] Error 1
make[2]: Leaving directory `/users/cosic/rdeclerc/Documents/ddp/2016-2017/work-packages/hw/rsa-project/src/sdk/rsa_design_example_bsp_/ps7_cortexa9_0/libsrc/uartps_v3_1/src'
make[2]: Target `libs' not remade because of errors.
Running Make libs in ps7_cortexa9_0/libsrc/scugic_v3_3/src
make[1]: *** [ps7_cortexa9_0/libsrc/uartps_v3_1/src/make.libs] Error 2
make -C ps7_cortexa9_0/libsrc/scugic_v3_3/src -s libs  "SHELL=/bin/sh" "COMPILER=arm-none-eabi-gcc" "ARCHIVER=arm-none-eabi-ar" "COMPILER_FLAGS=  -O2 -c" "EXTRA_COMPILER_FLAGS=-mcpu=cortex-a9 -mfpu=vfpv3 -mfloat-abi=hard -nostartfiles"
make[2]: Entering directory `/users/cosic/rdeclerc/Documents/ddp/2016-2017/work-packages/hw/rsa-project/src/sdk/rsa_design_example_bsp_/ps7_cortexa9_0/libsrc/scugic_v3_3/src'
Compiling scugic
arm-none-eabi-ar: ../../../lib/libxil.a: No such file or directory
make[2]: *** [scugic_libs] Error 1
make[2]: Leaving directory `/users/cosic/rdeclerc/Documents/ddp/2016-2017/work-packages/hw/rsa-project/src/sdk/rsa_design_example_bsp_/ps7_cortexa9_0/libsrc/scugic_v3_3/src'
make[2]: Target `libs' not remade because of errors.
make[1]: *** [ps7_cortexa9_0/libsrc/scugic_v3_3/src/make.libs] Error 2
Running Make libs in ps7_cortexa9_0/libsrc/axidma_v9_2/src
make -C ps7_cortexa9_0/libsrc/axidma_v9_2/src -s libs  "SHELL=/bin/sh" "COMPILER=arm-none-eabi-gcc" "ARCHIVER=arm-none-eabi-ar" "COMPILER_FLAGS=  -O2 -c" "EXTRA_COMPILER_FLAGS=-mcpu=cortex-a9 -mfpu=vfpv3 -mfloat-abi=hard -nostartfiles"
make[2]: Entering directory `/users/cosic/rdeclerc/Documents/ddp/2016-2017/work-packages/hw/rsa-project/src/sdk/rsa_design_example_bsp_/ps7_cortexa9_0/libsrc/axidma_v9_2/src'
Compiling axidma
arm-none-eabi-ar: ../../../lib/libxil.a: No such file or directory
make[2]: *** [libs] Error 1
make[1]: *** [ps7_cortexa9_0/libsrc/axidma_v9_2/src/make.libs] Error 2
make[2]: Leaving directory `/users/cosic/rdeclerc/Documents/ddp/2016-2017/work-packages/hw/rsa-project/src/sdk/rsa_design_example_bsp_/ps7_cortexa9_0/libsrc/axidma_v9_2/src'
Running Make libs in ps7_cortexa9_0/libsrc/my_montgomery_v1_0/src
make -C ps7_cortexa9_0/libsrc/my_montgomery_v1_0/src -s libs  "SHELL=/bin/sh" "COMPILER=arm-none-eabi-gcc" "ARCHIVER=arm-none-eabi-ar" "COMPILER_FLAGS=  -O2 -c" "EXTRA_COMPILER_FLAGS=-mcpu=cortex-a9 -mfpu=vfpv3 -mfloat-abi=hard -nostartfiles"
make[2]: Entering directory `/users/cosic/rdeclerc/Documents/ddp/2016-2017/work-packages/hw/rsa-project/src/sdk/rsa_design_example_bsp_/ps7_cortexa9_0/libsrc/my_montgomery_v1_0/src'
Compiling my_montgomery...
arm-none-eabi-ar: ../../../lib/libxil.a: No such file or directory
make[2]: Leaving directory `/users/cosic/rdeclerc/Documents/ddp/2016-2017/work-packages/hw/rsa-project/src/sdk/rsa_design_example_bsp_/ps7_cortexa9_0/libsrc/my_montgomery_v1_0/src'
make[2]: *** [libs] Error 1
Running Make libs in ps7_cortexa9_0/libsrc/xadcps_v2_2/src
make[1]: *** [ps7_cortexa9_0/libsrc/my_montgomery_v1_0/src/make.libs] Error 2
make -C ps7_cortexa9_0/libsrc/xadcps_v2_2/src -s libs  "SHELL=/bin/sh" "COMPILER=arm-none-eabi-gcc" "ARCHIVER=arm-none-eabi-ar" "COMPILER_FLAGS=  -O2 -c" "EXTRA_COMPILER_FLAGS=-mcpu=cortex-a9 -mfpu=vfpv3 -mfloat-abi=hard -nostartfiles"
make[2]: Entering directory `/users/cosic/rdeclerc/Documents/ddp/2016-2017/work-packages/hw/rsa-project/src/sdk/rsa_design_example_bsp_/ps7_cortexa9_0/libsrc/xadcps_v2_2/src'
Compiling xadcps
arm-none-eabi-ar: ../../../lib/libxil.a: No such file or directory
make[2]: *** [xadcps_libs] Error 1
make[2]: Leaving directory `/users/cosic/rdeclerc/Documents/ddp/2016-2017/work-packages/hw/rsa-project/src/sdk/rsa_design_example_bsp_/ps7_cortexa9_0/libsrc/xadcps_v2_2/src'
make[2]: Target `libs' not remade because of errors.
Running Make libs in ps7_cortexa9_0/libsrc/devcfg_v3_4/src
make[1]: *** [ps7_cortexa9_0/libsrc/xadcps_v2_2/src/make.libs] Error 2
make -C ps7_cortexa9_0/libsrc/devcfg_v3_4/src -s libs  "SHELL=/bin/sh" "COMPILER=arm-none-eabi-gcc" "ARCHIVER=arm-none-eabi-ar" "COMPILER_FLAGS=  -O2 -c" "EXTRA_COMPILER_FLAGS=-mcpu=cortex-a9 -mfpu=vfpv3 -mfloat-abi=hard -nostartfiles"
make[2]: Entering directory `/users/cosic/rdeclerc/Documents/ddp/2016-2017/work-packages/hw/rsa-project/src/sdk/rsa_design_example_bsp_/ps7_cortexa9_0/libsrc/devcfg_v3_4/src'
Compiling devcfg
arm-none-eabi-ar: ../../../lib/libxil.a: No such file or directory
make[2]: *** [xdevcfg_libs] Error 1
make[2]: Leaving directory `/users/cosic/rdeclerc/Documents/ddp/2016-2017/work-packages/hw/rsa-project/src/sdk/rsa_design_example_bsp_/ps7_cortexa9_0/libsrc/devcfg_v3_4/src'
make[2]: Target `libs' not remade because of errors.
Running Make libs in ps7_cortexa9_0/libsrc/dmaps_v2_1/src
make -C ps7_cortexa9_0/libsrc/dmaps_v2_1/src -s libs  "SHELL=/bin/sh" "COMPILER=arm-none-eabi-gcc" "ARCHIVER=arm-none-eabi-ar" "COMPILER_FLAGS=  -O2 -c" "EXTRA_COMPILER_FLAGS=-mcpu=cortex-a9 -mfpu=vfpv3 -mfloat-abi=hard -nostartfiles"
make[2]: Entering directory `/users/cosic/rdeclerc/Documents/ddp/2016-2017/work-packages/hw/rsa-project/src/sdk/rsa_design_example_bsp_/ps7_cortexa9_0/libsrc/dmaps_v2_1/src'
make[1]: *** [ps7_cortexa9_0/libsrc/devcfg_v3_4/src/make.libs] Error 2
Compiling dmaps
arm-none-eabi-ar: ../../../lib/libxil.a: No such file or directory
make[2]: *** [xdmaps_libs] Error 1
make[2]: Leaving directory `/users/cosic/rdeclerc/Documents/ddp/2016-2017/work-packages/hw/rsa-project/src/sdk/rsa_design_example_bsp_/ps7_cortexa9_0/libsrc/dmaps_v2_1/src'
make[2]: Target `libs' not remade because of errors.
make[1]: *** [ps7_cortexa9_0/libsrc/dmaps_v2_1/src/make.libs] Error 2
Running Make libs in ps7_cortexa9_0/libsrc/gpiops_v3_1/src
make -C ps7_cortexa9_0/libsrc/gpiops_v3_1/src -s libs  "SHELL=/bin/sh" "COMPILER=arm-none-eabi-gcc" "ARCHIVER=arm-none-eabi-ar" "COMPILER_FLAGS=  -O2 -c" "EXTRA_COMPILER_FLAGS=-mcpu=cortex-a9 -mfpu=vfpv3 -mfloat-abi=hard -nostartfiles"
make[2]: Entering directory `/users/cosic/rdeclerc/Documents/ddp/2016-2017/work-packages/hw/rsa-project/src/sdk/rsa_design_example_bsp_/ps7_cortexa9_0/libsrc/gpiops_v3_1/src'
Compiling gpiops
arm-none-eabi-ar: ../../../lib/libxil.a: No such file or directory
make[2]: *** [xgpiops_libs] Error 1
make[2]: Leaving directory `/users/cosic/rdeclerc/Documents/ddp/2016-2017/work-packages/hw/rsa-project/src/sdk/rsa_design_example_bsp_/ps7_cortexa9_0/libsrc/gpiops_v3_1/src'
make[2]: Target `libs' not remade because of errors.
make[1]: *** [ps7_cortexa9_0/libsrc/gpiops_v3_1/src/make.libs] Error 2
Running Make libs in ps7_cortexa9_0/libsrc/scuwdt_v2_1/src
make -C ps7_cortexa9_0/libsrc/scuwdt_v2_1/src -s libs  "SHELL=/bin/sh" "COMPILER=arm-none-eabi-gcc" "ARCHIVER=arm-none-eabi-ar" "COMPILER_FLAGS=  -O2 -c" "EXTRA_COMPILER_FLAGS=-mcpu=cortex-a9 -mfpu=vfpv3 -mfloat-abi=hard -nostartfiles"
make[2]: Entering directory `/users/cosic/rdeclerc/Documents/ddp/2016-2017/work-packages/hw/rsa-project/src/sdk/rsa_design_example_bsp_/ps7_cortexa9_0/libsrc/scuwdt_v2_1/src'
Compiling scuwdt
arm-none-eabi-ar: ../../../lib/libxil.a: No such file or directory
make[2]: Leaving directory `/users/cosic/rdeclerc/Documents/ddp/2016-2017/work-packages/hw/rsa-project/src/sdk/rsa_design_example_bsp_/ps7_cortexa9_0/libsrc/scuwdt_v2_1/src'
Running Make libs in ps7_cortexa9_0/libsrc/ttcps_v3_1/src
make -C ps7_cortexa9_0/libsrc/ttcps_v3_1/src -s libs  "SHELL=/bin/sh" "COMPILER=arm-none-eabi-gcc" "ARCHIVER=arm-none-eabi-ar" "COMPILER_FLAGS=  -O2 -c" "EXTRA_COMPILER_FLAGS=-mcpu=cortex-a9 -mfpu=vfpv3 -mfloat-abi=hard -nostartfiles"
make[2]: *** [scuwdt_libs] Error 1
make[2]: Entering directory `/users/cosic/rdeclerc/Documents/ddp/2016-2017/work-packages/hw/rsa-project/src/sdk/rsa_design_example_bsp_/ps7_cortexa9_0/libsrc/ttcps_v3_1/src'
make[2]: Target `libs' not remade because of errors.
Compiling ttcps
make[1]: *** [ps7_cortexa9_0/libsrc/scuwdt_v2_1/src/make.libs] Error 2
arm-none-eabi-ar: ../../../lib/libxil.a: No such file or directory
make[2]: *** [ttcps_libs] Error 1
make[2]: Leaving directory `/users/cosic/rdeclerc/Documents/ddp/2016-2017/work-packages/hw/rsa-project/src/sdk/rsa_design_example_bsp_/ps7_cortexa9_0/libsrc/ttcps_v3_1/src'
make[2]: Target `libs' not remade because of errors.
make[1]: *** [ps7_cortexa9_0/libsrc/ttcps_v3_1/src/make.libs] Error 2
Running Make libs in ps7_cortexa9_0/libsrc/coresightps_dcc_v1_2/src
make -C ps7_cortexa9_0/libsrc/coresightps_dcc_v1_2/src -s libs  "SHELL=/bin/sh" "COMPILER=arm-none-eabi-gcc" "ARCHIVER=arm-none-eabi-ar" "COMPILER_FLAGS=  -O2 -c" "EXTRA_COMPILER_FLAGS=-mcpu=cortex-a9 -mfpu=vfpv3 -mfloat-abi=hard -nostartfiles"
make[2]: Entering directory `/users/cosic/rdeclerc/Documents/ddp/2016-2017/work-packages/hw/rsa-project/src/sdk/rsa_design_example_bsp_/ps7_cortexa9_0/libsrc/coresightps_dcc_v1_2/src'
Compiling coresightps_dcc
arm-none-eabi-ar: ../../../lib/libxil.a: No such file or directory
make[2]: *** [coresightps_dcc_comp_libs] Error 1
make[2]: Leaving directory `/users/cosic/rdeclerc/Documents/ddp/2016-2017/work-packages/hw/rsa-project/src/sdk/rsa_design_example_bsp_/ps7_cortexa9_0/libsrc/coresightps_dcc_v1_2/src'
make[2]: Target `libs' not remade because of errors.
Running Make libs in ps7_cortexa9_0/libsrc/standalone_v5_5/src
make -C ps7_cortexa9_0/libsrc/standalone_v5_5/src -s libs  "SHELL=/bin/sh" "COMPILER=arm-none-eabi-gcc" "ARCHIVER=arm-none-eabi-ar" "COMPILER_FLAGS=  -O2 -c" "EXTRA_COMPILER_FLAGS=-mcpu=cortex-a9 -mfpu=vfpv3 -mfloat-abi=hard -nostartfiles"
make[2]: Entering directory `/users/cosic/rdeclerc/Documents/ddp/2016-2017/work-packages/hw/rsa-project/src/sdk/rsa_design_example_bsp_/ps7_cortexa9_0/libsrc/standalone_v5_5/src'
Compiling standalone
make[1]: *** [ps7_cortexa9_0/libsrc/coresightps_dcc_v1_2/src/make.libs] Error 2
arm-none-eabi-ar: ../../../lib/libxil.a: No such file or directory
make[2]: Leaving directory `/users/cosic/rdeclerc/Documents/ddp/2016-2017/work-packages/hw/rsa-project/src/sdk/rsa_design_example_bsp_/ps7_cortexa9_0/libsrc/standalone_v5_5/src'
make[2]: *** [standalone_libs] Error 1
Running Make libs in ps7_cortexa9_0/libsrc/usbps_v2_4/src
make[2]: Target `libs' not remade because of errors.
make[1]: *** [ps7_cortexa9_0/libsrc/standalone_v5_5/src/make.libs] Error 2
make -C ps7_cortexa9_0/libsrc/usbps_v2_4/src -s libs  "SHELL=/bin/sh" "COMPILER=arm-none-eabi-gcc" "ARCHIVER=arm-none-eabi-ar" "COMPILER_FLAGS=  -O2 -c" "EXTRA_COMPILER_FLAGS=-mcpu=cortex-a9 -mfpu=vfpv3 -mfloat-abi=hard -nostartfiles"
make[2]: Entering directory `/users/cosic/rdeclerc/Documents/ddp/2016-2017/work-packages/hw/rsa-project/src/sdk/rsa_design_example_bsp_/ps7_cortexa9_0/libsrc/usbps_v2_4/src'
Compiling usbps
arm-none-eabi-ar: ../../../lib/libxil.a: No such file or directory
make[2]: *** [xusbps_libs] Error 1
make[2]: Target `libs' not remade because of errors.
make[2]: Leaving directory `/users/cosic/rdeclerc/Documents/ddp/2016-2017/work-packages/hw/rsa-project/src/sdk/rsa_design_example_bsp_/ps7_cortexa9_0/libsrc/usbps_v2_4/src'
make[1]: *** [ps7_cortexa9_0/libsrc/usbps_v2_4/src/make.libs] Error 2
Running Make libs in ps7_cortexa9_0/libsrc/scutimer_v2_1/src
make -C ps7_cortexa9_0/libsrc/scutimer_v2_1/src -s libs  "SHELL=/bin/sh" "COMPILER=arm-none-eabi-gcc" "ARCHIVER=arm-none-eabi-ar" "COMPILER_FLAGS=  -O2 -c" "EXTRA_COMPILER_FLAGS=-mcpu=cortex-a9 -mfpu=vfpv3 -mfloat-abi=hard -nostartfiles"
make[2]: Entering directory `/users/cosic/rdeclerc/Documents/ddp/2016-2017/work-packages/hw/rsa-project/src/sdk/rsa_design_example_bsp_/ps7_cortexa9_0/libsrc/scutimer_v2_1/src'
Compiling scutimer
arm-none-eabi-ar: ../../../lib/libxil.a: No such file or directory
make[2]: *** [scutimer_libs] Error 1
make[2]: Leaving directory `/users/cosic/rdeclerc/Documents/ddp/2016-2017/work-packages/hw/rsa-project/src/sdk/rsa_design_example_bsp_/ps7_cortexa9_0/libsrc/scutimer_v2_1/src'
make[2]: Target `libs' not remade because of errors.
make[1]: *** [ps7_cortexa9_0/libsrc/scutimer_v2_1/src/make.libs] Error 2
make[1]: Target `all' not remade because of errors.
make[1]: Leaving directory `/users/cosic/rdeclerc/Documents/ddp/2016-2017/work-packages/hw/rsa-project/src/sdk/rsa_design_example_bsp_'

16:02:26 Build Finished (took 7s.715ms)

