14:50:03 INFO  : Processing command line option -hwspec /volume1/scratch/rdeclerc/repos/digital_platforms/hw/work-packages/sw/montgomery_sw/montgomery_sw_project/montgomery_sw_project.sdk/montgomery_sw_project_wrapper.hdf.
14:50:05 INFO  : Launching XSDB server: xsdb -n -s /esat/koninck1/scratch/pmaene/Cellar/xilinx/SDK/2015.2/scripts/xsdb/xsdb/xsdb-server.tcl
14:50:07 INFO  : XSDB server has started successfully.
14:51:01 INFO  : System reset is completed.
14:51:03 INFO  : FPGA configured successfully with bitstream "/volume1/scratch/rdeclerc/repos/digital_platforms/hw/work-packages/sw/montgomery_sw/src/sdk/montgomery_sw_project_wrapper_hw_platform_0/montgomery_sw_project_wrapper.bit"
14:51:04 INFO  : ps7_init is completed.
14:51:04 INFO  : ps7_post_config is completed.
14:51:14 ERROR : Unexpected error while parsing XMD response ?: com.google.gson.JsonSyntaxException: com.google.gson.stream.MalformedJsonException: invalid number or unquoted string near 
14:52:29 INFO  : Launching XSDB server: xsdb -n -s /esat/koninck1/scratch/pmaene/Cellar/xilinx/SDK/2015.2/scripts/xsdb/xsdb/xsdb-server.tcl
14:52:30 INFO  : Processing command line option -hwspec /volume1/scratch/rdeclerc/repos/digital_platforms/hw/work-packages/sw/montgomery_sw/montgomery_sw_project/montgomery_sw_project.sdk/montgomery_sw_project_wrapper.hdf.
14:52:30 INFO  : XSDB server has started successfully.
14:52:31 INFO  : Checking for hwspec changes in the project montgomery_sw_project_wrapper_hw_platform_0.
14:52:45 INFO  : System reset is completed.
14:52:47 INFO  : FPGA configured successfully with bitstream "/volume1/scratch/rdeclerc/repos/digital_platforms/hw/work-packages/sw/montgomery_sw/src/sdk/montgomery_sw_project_wrapper_hw_platform_0/montgomery_sw_project_wrapper.bit"
14:52:47 INFO  : ps7_init is completed.
14:52:47 INFO  : ps7_post_config is completed.
14:52:51 ERROR : Unexpected error while parsing XMD response ?: com.google.gson.JsonSyntaxException: com.google.gson.stream.MalformedJsonException: invalid number or unquoted string near 
15:59:01 INFO  : Launching XSDB server: xsdb -n -s /esat/koninck1/scratch/pmaene/Cellar/xilinx/SDK/2015.2/scripts/xsdb/xsdb/xsdb-server.tcl
15:59:04 INFO  : Processing command line option -hwspec /users/cosic/rdeclerc/Documents/ddp/2016-2017/work-packages/sw/ddp_sw/montgomery_sw_project/montgomery_sw_project.sdk/montgomery_sw_project_wrapper.hdf.
15:59:04 INFO  : XSDB server has started successfully.
16:01:47 INFO  : System reset is completed.
16:01:49 INFO  : FPGA configured successfully with bitstream "/users/cosic/rdeclerc/Documents/ddp/2016-2017/work-packages/sw/ddp_sw/src/sdk/montgomery_sw_project_wrapper_hw_platform_0/montgomery_sw_project_wrapper.bit"
16:01:49 INFO  : ps7_init is completed.
16:01:49 INFO  : ps7_post_config is completed.
16:03:58 ERROR : Unexpected error while parsing XMD response ?: com.google.gson.JsonSyntaxException: com.google.gson.stream.MalformedJsonException: invalid number or unquoted string near 
16:09:59 INFO  : Launching XSDB server: xsdb -n -s /esat/koninck1/scratch/pmaene/Cellar/xilinx/SDK/2015.2/scripts/xsdb/xsdb/xsdb-server.tcl
16:10:01 INFO  : XSDB server has started successfully.
16:10:01 INFO  : Processing command line option -hwspec /users/cosic/rdeclerc/Documents/ddp/2016-2017/work-packages/sw/ddp_sw/montgomery_sw_project/montgomery_sw_project.sdk/montgomery_sw_project_wrapper.hdf.
16:10:02 INFO  : Checking for hwspec changes in the project montgomery_sw_project_wrapper_hw_platform_1.
16:10:06 INFO  : SDK has detected change in the last modified timestamps for source hardware specification file Source:1471615639000,  Project:1470653625000
16:10:06 INFO  : The hardware specification for project 'montgomery_sw_project_wrapper_hw_platform_1' is different from /users/cosic/rdeclerc/Documents/ddp/2016-2017/work-packages/sw/ddp_sw/montgomery_sw_project/montgomery_sw_project.sdk/montgomery_sw_project_wrapper.hdf.
16:10:08 INFO  : Copied contents of /users/cosic/rdeclerc/Documents/ddp/2016-2017/work-packages/sw/ddp_sw/montgomery_sw_project/montgomery_sw_project.sdk/montgomery_sw_project_wrapper.hdf into /montgomery_sw_project_wrapper_hw_platform_1/system.hdf.
16:10:14 INFO  : Synchronizing projects in the workspace with the hardware platform specification changes.
16:10:15 INFO  : Clearing existing target manager status.
16:10:18 INFO  : Workspace synchronized with the new hardware specification file. Cleaning dependent projects...
16:10:18 WARN  : Linker script will not be updated automatically. Users need to update it manually.
16:10:23 INFO  : System reset is completed.
16:10:25 INFO  : FPGA configured successfully with bitstream "/users/cosic/rdeclerc/Documents/ddp/2016-2017/work-packages/sw/ddp_sw/src/sdk/montgomery_sw_project_wrapper_hw_platform_0/montgomery_sw_project_wrapper.bit"
16:10:25 INFO  : ps7_init is completed.
16:10:25 INFO  : ps7_post_config is completed.
16:10:39 ERROR : Unexpected error while parsing XMD response ?: com.google.gson.JsonSyntaxException: com.google.gson.stream.MalformedJsonException: invalid number or unquoted string near 
15:10:39 INFO  : Launching XSDB server: xsdb -n -interactive /users/cosic/rdeclerc/Documents/ddp/2016-2017/work-packages/sw/ddp_sw/src/sdk/temp_xsdb_launch_script.tcl
15:10:41 INFO  : XSDB server has started successfully.
15:10:45 INFO  : Processing command line option -hwspec /users/cosic/rdeclerc/Documents/ddp/2016-2017/work-packages/sw/ddp_sw/montgomery_sw_project/montgomery_sw_project.sdk/montgomery_sw_project_wrapper.hdf.
15:10:45 INFO  : Checking for hwspec changes in the project montgomery_sw_project_wrapper_hw_platform_1.
15:10:49 INFO  : SDK has detected change in the last modified timestamps for source hardware specification file Source:1474981719000,  Project:1471615639000
15:10:49 INFO  : The hardware specification for project 'montgomery_sw_project_wrapper_hw_platform_1' is different from /users/cosic/rdeclerc/Documents/ddp/2016-2017/work-packages/sw/ddp_sw/montgomery_sw_project/montgomery_sw_project.sdk/montgomery_sw_project_wrapper.hdf.
15:10:49 INFO  : Copied contents of /users/cosic/rdeclerc/Documents/ddp/2016-2017/work-packages/sw/ddp_sw/montgomery_sw_project/montgomery_sw_project.sdk/montgomery_sw_project_wrapper.hdf into /montgomery_sw_project_wrapper_hw_platform_1/system.hdf.
15:10:53 INFO  : Synchronizing projects in the workspace with the hardware platform specification changes.
15:10:54 INFO  : Clearing existing target manager status.
15:10:56 INFO  : Workspace synchronized with the new hardware specification file. Cleaning dependent projects...
15:10:56 WARN  : Linker script will not be updated automatically. Users need to update it manually.
15:12:21 INFO  : System reset is completed.
15:12:22 INFO  : FPGA configured successfully with bitstream "/users/cosic/rdeclerc/Documents/ddp/2016-2017/work-packages/sw/ddp_sw/src/sdk/montgomery_sw_project_wrapper_hw_platform_0/montgomery_sw_project_wrapper.bit"
15:12:23 INFO  : ps7_init is completed.
15:12:23 INFO  : ps7_post_config is completed.
15:12:56 ERROR : Unexpected error while parsing XMD response ?: com.google.gson.JsonSyntaxException: com.google.gson.stream.MalformedJsonException: invalid number or unquoted string near 
11:40:24 INFO  : Launching XSDB server: xsdb -n -interactive /users/cosic/abeckers/ddp/2016-2017/work-packages/sw/ddp_sw/src/sdk/temp_xsdb_launch_script.tcl
11:40:26 INFO  : XSDB server has started successfully.
11:40:30 INFO  : Processing command line option -hwspec /users/cosic/abeckers/ddp/2016-2017/work-packages/sw/ddp_sw/montgomery_sw_project/montgomery_sw_project.sdk/montgomery_sw_project_wrapper.hdf.
11:52:02 INFO  : System reset is completed.
11:52:04 INFO  : FPGA configured successfully with bitstream "/users/cosic/abeckers/ddp/2016-2017/work-packages/sw/ddp_sw/src/sdk/montgomery_sw_project_wrapper_hw_platform_0/montgomery_sw_project_wrapper.bit"
11:52:04 INFO  : ps7_init is completed.
11:52:04 INFO  : ps7_post_config is completed.
11:57:31 INFO  : System reset is completed.
11:57:33 INFO  : FPGA configured successfully with bitstream "/users/cosic/abeckers/ddp/2016-2017/work-packages/sw/ddp_sw/src/sdk/montgomery_sw_project_wrapper_hw_platform_0/montgomery_sw_project_wrapper.bit"
11:57:33 INFO  : ps7_init is completed.
11:57:34 INFO  : ps7_post_config is completed.
11:59:59 INFO  : System reset is completed.
12:00:01 INFO  : FPGA configured successfully with bitstream "/users/cosic/abeckers/ddp/2016-2017/work-packages/sw/ddp_sw/src/sdk/montgomery_sw_project_wrapper_hw_platform_0/montgomery_sw_project_wrapper.bit"
12:00:01 INFO  : ps7_init is completed.
12:00:01 INFO  : ps7_post_config is completed.
12:00:10 INFO  : System reset is completed.
12:00:12 INFO  : FPGA configured successfully with bitstream "/users/cosic/abeckers/ddp/2016-2017/work-packages/sw/ddp_sw/src/sdk/montgomery_sw_project_wrapper_hw_platform_0/montgomery_sw_project_wrapper.bit"
12:00:12 INFO  : ps7_init is completed.
12:00:12 INFO  : ps7_post_config is completed.
12:00:22 ERROR : Unexpected error while parsing XMD response ?: com.google.gson.JsonSyntaxException: com.google.gson.stream.MalformedJsonException: invalid number or unquoted string near 
12:00:36 INFO  : Launching XSDB server: xsdb -n -interactive /users/cosic/abeckers/ddp/2016-2017/work-packages/sw/ddp_sw/src/sdk/temp_xsdb_launch_script.tcl
12:00:37 INFO  : XSDB server has started successfully.
12:00:38 INFO  : Processing command line option -hwspec /users/cosic/abeckers/ddp/2016-2017/work-packages/sw/ddp_sw/montgomery_sw_project/montgomery_sw_project.sdk/montgomery_sw_project_wrapper.hdf.
12:00:39 INFO  : Checking for hwspec changes in the project montgomery_sw_project_wrapper_hw_platform_2.
12:03:22 INFO  : System reset is completed.
12:03:24 INFO  : FPGA configured successfully with bitstream "/users/cosic/abeckers/ddp/2016-2017/work-packages/sw/ddp_sw/src/sdk/montgomery_sw_project_wrapper_hw_platform_0/montgomery_sw_project_wrapper.bit"
12:03:24 INFO  : ps7_init is completed.
12:03:24 INFO  : ps7_post_config is completed.
12:04:15 ERROR : Unexpected error while parsing XMD response ?: com.google.gson.JsonSyntaxException: com.google.gson.stream.MalformedJsonException: invalid number or unquoted string near 
18:07:51 INFO  : Launching XSDB server: xsdb -n -interactive /users/start2015/r0575928/Desktop/ddplatforms_2017/ddp_sw/src/sdk/temp_xsdb_launch_script.tcl
18:07:52 INFO  : XSDB server has started successfully.
18:07:53 INFO  : Processing command line option -hwspec /users/start2015/r0575928/Desktop/ddplatforms_2017/ddp_sw/montgomery_sw_project/montgomery_sw_project.sdk/montgomery_sw_project_wrapper.hdf.
18:11:57 INFO  : System reset is completed.
18:11:59 INFO  : FPGA configured successfully with bitstream "/users/start2015/r0575928/Desktop/ddplatforms_2017/ddp_sw/src/sdk/montgomery_sw_project_wrapper_hw_platform_0/montgomery_sw_project_wrapper.bit"
18:11:59 INFO  : ps7_init is completed.
18:12:00 INFO  : ps7_post_config is completed.
18:13:38 INFO  : System reset is completed.
18:13:40 INFO  : FPGA configured successfully with bitstream "/users/start2015/r0575928/Desktop/ddplatforms_2017/ddp_sw/src/sdk/montgomery_sw_project_wrapper_hw_platform_0/montgomery_sw_project_wrapper.bit"
18:13:40 INFO  : ps7_init is completed.
18:13:40 INFO  : ps7_post_config is completed.
18:20:03 ERROR : Unexpected error while parsing XMD response ?: com.google.gson.JsonSyntaxException: com.google.gson.stream.MalformedJsonException: invalid number or unquoted string near 
17:35:30 INFO  : Launching XSDB server: xsdb -n -interactive /users/start2015/r0575928/Desktop/ddplatforms_2017/ddp_sw/src/sdk/temp_xsdb_launch_script.tcl
17:35:31 INFO  : XSDB server has started successfully.
17:35:32 INFO  : Processing command line option -hwspec /users/start2015/r0575928/Desktop/ddplatforms_2017/ddp_sw/montgomery_sw_project/montgomery_sw_project.sdk/montgomery_sw_project_wrapper.hdf.
17:35:32 INFO  : Checking for hwspec changes in the project montgomery_sw_project_wrapper_hw_platform_3.
17:35:37 INFO  : SDK has detected change in the last modified timestamps for source hardware specification file Source:1509294825000,  Project:1506528403000
17:35:37 INFO  : The hardware specification for project 'montgomery_sw_project_wrapper_hw_platform_3' is different from /users/start2015/r0575928/Desktop/ddplatforms_2017/ddp_sw/montgomery_sw_project/montgomery_sw_project.sdk/montgomery_sw_project_wrapper.hdf.
17:35:37 INFO  : Copied contents of /users/start2015/r0575928/Desktop/ddplatforms_2017/ddp_sw/montgomery_sw_project/montgomery_sw_project.sdk/montgomery_sw_project_wrapper.hdf into /montgomery_sw_project_wrapper_hw_platform_3/system.hdf.
17:35:43 INFO  : Synchronizing projects in the workspace with the hardware platform specification changes.
17:35:43 INFO  : Clearing existing target manager status.
17:35:45 INFO  : Workspace synchronized with the new hardware specification file. Cleaning dependent projects...
17:35:45 WARN  : Linker script will not be updated automatically. Users need to update it manually.
17:36:57 INFO  : System reset is completed.
17:36:58 INFO  : FPGA configured successfully with bitstream "/users/start2015/r0575928/Desktop/ddplatforms_2017/ddp_sw/src/sdk/montgomery_sw_project_wrapper_hw_platform_0/montgomery_sw_project_wrapper.bit"
17:36:59 INFO  : ps7_init is completed.
17:36:59 INFO  : ps7_post_config is completed.
17:46:41 ERROR : Unexpected error while parsing XMD response ?: com.google.gson.JsonSyntaxException: com.google.gson.stream.MalformedJsonException: invalid number or unquoted string near 
17:47:37 INFO  : Launching XSDB server: xsdb -n -interactive /users/start2015/r0575928/Desktop/ddplatforms_2017/ddp_sw/src/sdk/temp_xsdb_launch_script.tcl
17:47:38 INFO  : XSDB server has started successfully.
17:47:39 INFO  : Processing command line option -hwspec /users/start2015/r0575928/Desktop/ddplatforms_2017/ddp_sw/montgomery_sw_project/montgomery_sw_project.sdk/montgomery_sw_project_wrapper.hdf.
17:47:39 INFO  : Checking for hwspec changes in the project montgomery_sw_project_wrapper_hw_platform_3.
17:48:22 INFO  : System reset is completed.
17:48:24 INFO  : FPGA configured successfully with bitstream "/users/start2015/r0575928/Desktop/ddplatforms_2017/ddp_sw/src/sdk/montgomery_sw_project_wrapper_hw_platform_0/montgomery_sw_project_wrapper.bit"
17:48:24 INFO  : ps7_init is completed.
17:48:24 INFO  : ps7_post_config is completed.
17:50:54 INFO  : System reset is completed.
17:50:56 INFO  : FPGA configured successfully with bitstream "/users/start2015/r0575928/Desktop/ddplatforms_2017/ddp_sw/src/sdk/montgomery_sw_project_wrapper_hw_platform_0/montgomery_sw_project_wrapper.bit"
17:50:57 INFO  : ps7_init is completed.
17:50:57 INFO  : ps7_post_config is completed.
17:52:45 INFO  : System reset is completed.
17:52:46 INFO  : FPGA configured successfully with bitstream "/users/start2015/r0575928/Desktop/ddplatforms_2017/ddp_sw/src/sdk/montgomery_sw_project_wrapper_hw_platform_0/montgomery_sw_project_wrapper.bit"
17:52:47 INFO  : ps7_init is completed.
17:52:47 INFO  : ps7_post_config is completed.
17:53:53 INFO  : System reset is completed.
17:53:55 INFO  : FPGA configured successfully with bitstream "/users/start2015/r0575928/Desktop/ddplatforms_2017/ddp_sw/src/sdk/montgomery_sw_project_wrapper_hw_platform_0/montgomery_sw_project_wrapper.bit"
17:53:56 INFO  : ps7_init is completed.
17:53:56 INFO  : ps7_post_config is completed.
17:54:28 INFO  : System reset is completed.
17:54:29 INFO  : FPGA configured successfully with bitstream "/users/start2015/r0575928/Desktop/ddplatforms_2017/ddp_sw/src/sdk/montgomery_sw_project_wrapper_hw_platform_0/montgomery_sw_project_wrapper.bit"
17:54:30 INFO  : ps7_init is completed.
17:54:30 INFO  : ps7_post_config is completed.
17:54:57 INFO  : System reset is completed.
17:54:58 INFO  : FPGA configured successfully with bitstream "/users/start2015/r0575928/Desktop/ddplatforms_2017/ddp_sw/src/sdk/montgomery_sw_project_wrapper_hw_platform_0/montgomery_sw_project_wrapper.bit"
17:54:59 INFO  : ps7_init is completed.
17:54:59 INFO  : ps7_post_config is completed.
17:59:06 INFO  : System reset is completed.
17:59:08 INFO  : FPGA configured successfully with bitstream "/users/start2015/r0575928/Desktop/ddplatforms_2017/ddp_sw/src/sdk/montgomery_sw_project_wrapper_hw_platform_0/montgomery_sw_project_wrapper.bit"
17:59:09 INFO  : ps7_init is completed.
17:59:09 INFO  : ps7_post_config is completed.
18:00:20 INFO  : System reset is completed.
18:00:22 INFO  : FPGA configured successfully with bitstream "/users/start2015/r0575928/Desktop/ddplatforms_2017/ddp_sw/src/sdk/montgomery_sw_project_wrapper_hw_platform_0/montgomery_sw_project_wrapper.bit"
18:00:22 INFO  : ps7_init is completed.
18:00:22 INFO  : ps7_post_config is completed.
18:10:42 INFO  : System reset is completed.
18:10:44 INFO  : FPGA configured successfully with bitstream "/users/start2015/r0575928/Desktop/ddplatforms_2017/ddp_sw/src/sdk/montgomery_sw_project_wrapper_hw_platform_0/montgomery_sw_project_wrapper.bit"
18:10:44 INFO  : ps7_init is completed.
18:10:44 INFO  : ps7_post_config is completed.
18:12:35 INFO  : System reset is completed.
18:12:37 INFO  : FPGA configured successfully with bitstream "/users/start2015/r0575928/Desktop/ddplatforms_2017/ddp_sw/src/sdk/montgomery_sw_project_wrapper_hw_platform_0/montgomery_sw_project_wrapper.bit"
18:12:38 INFO  : ps7_init is completed.
18:12:38 INFO  : ps7_post_config is completed.
18:20:34 ERROR : Unexpected error while parsing XMD response ?: com.google.gson.JsonSyntaxException: com.google.gson.stream.MalformedJsonException: invalid number or unquoted string near 
12:34:37 INFO  : Launching XSDB server: xsdb -n -interactive /users/start2015/r0575928/Desktop/ddplatforms_2017/ddp_sw/src/sdk/temp_xsdb_launch_script.tcl
12:34:38 INFO  : XSDB server has started successfully.
12:34:40 INFO  : Processing command line option -hwspec /users/start2015/r0575928/Desktop/ddplatforms_2017/ddp_sw/montgomery_sw_project/montgomery_sw_project.sdk/montgomery_sw_project_wrapper.hdf.
12:34:40 INFO  : Checking for hwspec changes in the project montgomery_sw_project_wrapper_hw_platform_3.
12:37:01 INFO  : System reset is completed.
12:37:03 INFO  : FPGA configured successfully with bitstream "/users/start2015/r0575928/Desktop/ddplatforms_2017/ddp_sw/src/sdk/montgomery_sw_project_wrapper_hw_platform_0/montgomery_sw_project_wrapper.bit"
12:37:04 INFO  : ps7_init is completed.
12:37:04 INFO  : ps7_post_config is completed.
12:37:42 ERROR : Unexpected error while parsing XMD response ?: com.google.gson.JsonSyntaxException: com.google.gson.stream.MalformedJsonException: invalid number or unquoted string near 
12:38:50 INFO  : Launching XSDB server: xsdb -n -interactive /users/start2015/r0575928/Desktop/ddplatforms_2017/ddp_sw/src/sdk/temp_xsdb_launch_script.tcl
12:38:51 INFO  : XSDB server has started successfully.
12:38:52 INFO  : Processing command line option -hwspec /users/start2015/r0575928/Desktop/ddplatforms_2017/ddp_sw/montgomery_sw_project/montgomery_sw_project.sdk/montgomery_sw_project_wrapper.hdf.
12:38:52 INFO  : Checking for hwspec changes in the project montgomery_sw_project_wrapper_hw_platform_3.
12:38:57 INFO  : SDK has detected change in the last modified timestamps for source hardware specification file Source:1506528403000,  Project:1509294825000
12:38:57 INFO  : The hardware specification for project 'montgomery_sw_project_wrapper_hw_platform_3' is different from /users/start2015/r0575928/Desktop/ddplatforms_2017/ddp_sw/montgomery_sw_project/montgomery_sw_project.sdk/montgomery_sw_project_wrapper.hdf.
12:38:57 INFO  : Copied contents of /users/start2015/r0575928/Desktop/ddplatforms_2017/ddp_sw/montgomery_sw_project/montgomery_sw_project.sdk/montgomery_sw_project_wrapper.hdf into /montgomery_sw_project_wrapper_hw_platform_3/system.hdf.
12:39:03 INFO  : Synchronizing projects in the workspace with the hardware platform specification changes.
12:39:03 INFO  : Clearing existing target manager status.
12:39:05 INFO  : Workspace synchronized with the new hardware specification file. Cleaning dependent projects...
12:39:05 WARN  : Linker script will not be updated automatically. Users need to update it manually.
12:40:54 INFO  : System reset is completed.
12:40:55 INFO  : FPGA configured successfully with bitstream "/users/start2015/r0575928/Desktop/ddplatforms_2017/ddp_sw/src/sdk/montgomery_sw_project_wrapper_hw_platform_0/montgomery_sw_project_wrapper.bit"
12:40:56 INFO  : ps7_init is completed.
12:40:56 INFO  : ps7_post_config is completed.
12:41:57 INFO  : System reset is completed.
12:41:59 INFO  : FPGA configured successfully with bitstream "/users/start2015/r0575928/Desktop/ddplatforms_2017/ddp_sw/src/sdk/montgomery_sw_project_wrapper_hw_platform_0/montgomery_sw_project_wrapper.bit"
12:41:59 INFO  : ps7_init is completed.
12:41:59 INFO  : ps7_post_config is completed.
12:46:15 INFO  : System reset is completed.
12:46:17 INFO  : FPGA configured successfully with bitstream "/users/start2015/r0575928/Desktop/ddplatforms_2017/ddp_sw/src/sdk/montgomery_sw_project_wrapper_hw_platform_0/montgomery_sw_project_wrapper.bit"
12:46:17 INFO  : ps7_init is completed.
12:46:17 INFO  : ps7_post_config is completed.
12:51:48 ERROR : Unexpected error while parsing XMD response ?: com.google.gson.JsonSyntaxException: com.google.gson.stream.MalformedJsonException: invalid number or unquoted string near 
12:52:32 INFO  : Launching XSDB server: xsdb -n -interactive /users/start2015/r0575928/Desktop/ddplatforms_2017/ddp_sw/src/sdk/temp_xsdb_launch_script.tcl
12:52:33 INFO  : XSDB server has started successfully.
12:52:34 INFO  : Processing command line option -hwspec /users/start2015/r0575928/Desktop/ddplatforms_2017/ddp_sw/montgomery_sw_project/montgomery_sw_project.sdk/montgomery_sw_project_wrapper.hdf.
12:52:34 INFO  : Checking for hwspec changes in the project montgomery_sw_project_wrapper_hw_platform_3.
12:54:14 ERROR : Unexpected error while launching program.
java.lang.RuntimeException: The program file specified in the launch configuration does not exist
	at com.xilinx.sdk.debug.core.XilinxAppLaunchConfigurationDelegate.runApplication(XilinxAppLaunchConfigurationDelegate.java:580)
	at com.xilinx.sdk.debug.core.XilinxAppLaunchConfigurationDelegate.launch(XilinxAppLaunchConfigurationDelegate.java:309)
	at com.xilinx.sdk.debug.ui.XilinxAppLaunchDelegateWrapper.launch(XilinxAppLaunchDelegateWrapper.java:31)
	at org.eclipse.debug.internal.core.LaunchConfiguration.launch(LaunchConfiguration.java:885)
	at org.eclipse.debug.internal.core.LaunchConfiguration.launch(LaunchConfiguration.java:739)
	at org.eclipse.debug.internal.ui.DebugUIPlugin.buildAndLaunch(DebugUIPlugin.java:1039)
	at org.eclipse.debug.internal.ui.DebugUIPlugin$8.run(DebugUIPlugin.java:1256)
	at org.eclipse.core.internal.jobs.Worker.run(Worker.java:55)
12:54:29 ERROR : Unexpected error while launching program.
java.lang.RuntimeException: The program file specified in the launch configuration does not exist
	at com.xilinx.sdk.debug.core.XilinxAppLaunchConfigurationDelegate.runApplication(XilinxAppLaunchConfigurationDelegate.java:580)
	at com.xilinx.sdk.debug.core.XilinxAppLaunchConfigurationDelegate.launch(XilinxAppLaunchConfigurationDelegate.java:309)
	at com.xilinx.sdk.debug.ui.XilinxAppLaunchDelegateWrapper.launch(XilinxAppLaunchDelegateWrapper.java:31)
	at org.eclipse.debug.internal.core.LaunchConfiguration.launch(LaunchConfiguration.java:885)
	at org.eclipse.debug.internal.core.LaunchConfiguration.launch(LaunchConfiguration.java:739)
	at org.eclipse.debug.internal.ui.DebugUIPlugin.buildAndLaunch(DebugUIPlugin.java:1039)
	at org.eclipse.debug.internal.ui.DebugUIPlugin$8.run(DebugUIPlugin.java:1256)
	at org.eclipse.core.internal.jobs.Worker.run(Worker.java:55)
12:55:39 INFO  : System reset is completed.
12:55:40 INFO  : FPGA configured successfully with bitstream "/users/start2015/r0575928/Desktop/ddplatforms_2017/ddp_sw/src/sdk/montgomery_sw_project_wrapper_hw_platform_0/montgomery_sw_project_wrapper.bit"
12:55:41 INFO  : ps7_init is completed.
12:55:41 INFO  : ps7_post_config is completed.
12:56:46 ERROR : Unexpected error while parsing XMD response ?: com.google.gson.JsonSyntaxException: com.google.gson.stream.MalformedJsonException: invalid number or unquoted string near 
