11:29:41 INFO  : Launching XSDB server: xsdb -n -interactive /volume1/fturan/DDP/ddp/2017-2018/work-packages/hw/rsa-project/src/sdk/temp_xsdb_launch_script.tcl
11:29:42 INFO  : XSDB server has started successfully.
11:29:43 INFO  : Processing command line option -hwspec /volume1/fturan/DDP/ddp/2017-2018/work-packages/hw/rsa-project/rsa_project/rsa_project.sdk/rsa_project_wrapper.hdf.
11:29:44 INFO  : Checking for hwspec changes in the project rsa_project_wrapper_hw_platform_0.
11:30:17 INFO  : Launching XSDB server: xsdb -n -interactive /volume1/fturan/DDP/ddp/2017-2018/work-packages/hw/rsa-project/src/sdk/temp_xsdb_launch_script.tcl
11:30:18 INFO  : XSDB server has started successfully.
11:30:18 INFO  : Processing command line option -hwspec /volume1/fturan/DDP/ddp/2017-2018/work-packages/hw/rsa-project/rsa_project/rsa_project.sdk/rsa_project_wrapper.hdf.
11:30:19 INFO  : Checking for hwspec changes in the project rsa_project_wrapper_hw_platform_0.
10:14:04 INFO  : Launching XSDB server: xsdb -n -interactive /volume1/fturan/DDP/ddp/2017-2018/work-packages/hw/rsa-project/src/sdk/temp_xsdb_launch_script.tcl
10:14:07 INFO  : XSDB server has started successfully.
10:14:13 INFO  : Processing command line option -hwspec /volume1/fturan/DDP/ddp/2017-2018/work-packages/hw/rsa-project/rsa_project/rsa_project.sdk/rsa_project_wrapper.hdf.
10:14:13 INFO  : Checking for hwspec changes in the project rsa_project_wrapper_hw_platform_0.
10:15:02 INFO  : System reset is completed.
10:15:04 INFO  : FPGA configured successfully with bitstream "/volume1/fturan/DDP/ddp/2017-2018/work-packages/hw/rsa-project/src/sdk/rsa_project_wrapper_hw_platform_0/rsa_project_wrapper.bit"
10:15:04 INFO  : ps7_init is completed.
10:15:04 INFO  : ps7_post_config is completed.
10:15:41 INFO  : System reset is completed.
10:15:42 INFO  : FPGA configured successfully with bitstream "/volume1/fturan/DDP/ddp/2017-2018/work-packages/hw/rsa-project/src/sdk/rsa_project_wrapper_hw_platform_0/rsa_project_wrapper.bit"
10:15:43 INFO  : ps7_init is completed.
10:15:43 INFO  : ps7_post_config is completed.
10:15:55 INFO  : System reset is completed.
10:15:56 INFO  : FPGA configured successfully with bitstream "/volume1/fturan/DDP/ddp/2017-2018/work-packages/hw/rsa-project/src/sdk/rsa_project_wrapper_hw_platform_0/rsa_project_wrapper.bit"
10:15:57 INFO  : ps7_init is completed.
10:15:57 INFO  : ps7_post_config is completed.
10:16:28 INFO  : System reset is completed.
10:16:29 INFO  : FPGA configured successfully with bitstream "/volume1/fturan/DDP/ddp/2017-2018/work-packages/hw/rsa-project/src/sdk/rsa_project_wrapper_hw_platform_0/rsa_project_wrapper.bit"
10:16:30 INFO  : ps7_init is completed.
10:16:30 INFO  : ps7_post_config is completed.
10:18:11 INFO  : System reset is completed.
10:18:13 INFO  : FPGA configured successfully with bitstream "/volume1/fturan/DDP/ddp/2017-2018/work-packages/hw/rsa-project/src/sdk/rsa_project_wrapper_hw_platform_0/rsa_project_wrapper.bit"
10:18:14 INFO  : ps7_init is completed.
10:18:14 INFO  : ps7_post_config is completed.
10:18:25 INFO  : System reset is completed.
10:18:27 INFO  : FPGA configured successfully with bitstream "/volume1/fturan/DDP/ddp/2017-2018/work-packages/hw/rsa-project/src/sdk/rsa_project_wrapper_hw_platform_0/rsa_project_wrapper.bit"
10:18:28 INFO  : ps7_init is completed.
10:18:28 INFO  : ps7_post_config is completed.
10:18:41 INFO  : System reset is completed.
10:18:43 INFO  : FPGA configured successfully with bitstream "/volume1/fturan/DDP/ddp/2017-2018/work-packages/hw/rsa-project/src/sdk/rsa_project_wrapper_hw_platform_0/rsa_project_wrapper.bit"
10:18:44 INFO  : ps7_init is completed.
10:18:44 INFO  : ps7_post_config is completed.
10:18:55 INFO  : System reset is completed.
10:18:57 INFO  : FPGA configured successfully with bitstream "/volume1/fturan/DDP/ddp/2017-2018/work-packages/hw/rsa-project/src/sdk/rsa_project_wrapper_hw_platform_0/rsa_project_wrapper.bit"
10:18:58 INFO  : ps7_init is completed.
10:18:58 INFO  : ps7_post_config is completed.
10:19:25 INFO  : System reset is completed.
10:19:27 INFO  : FPGA configured successfully with bitstream "/volume1/fturan/DDP/ddp/2017-2018/work-packages/hw/rsa-project/src/sdk/rsa_project_wrapper_hw_platform_0/rsa_project_wrapper.bit"
10:19:28 INFO  : ps7_init is completed.
10:19:28 INFO  : ps7_post_config is completed.
10:19:58 INFO  : System reset is completed.
10:19:59 INFO  : FPGA configured successfully with bitstream "/volume1/fturan/DDP/ddp/2017-2018/work-packages/hw/rsa-project/src/sdk/rsa_project_wrapper_hw_platform_0/rsa_project_wrapper.bit"
10:20:00 INFO  : ps7_init is completed.
10:20:00 INFO  : ps7_post_config is completed.
10:20:10 INFO  : System reset is completed.
10:20:12 INFO  : FPGA configured successfully with bitstream "/volume1/fturan/DDP/ddp/2017-2018/work-packages/hw/rsa-project/src/sdk/rsa_project_wrapper_hw_platform_0/rsa_project_wrapper.bit"
10:20:12 INFO  : ps7_init is completed.
10:20:12 INFO  : ps7_post_config is completed.
10:21:13 INFO  : System reset is completed.
10:21:15 INFO  : FPGA configured successfully with bitstream "/volume1/fturan/DDP/ddp/2017-2018/work-packages/hw/rsa-project/src/sdk/rsa_project_wrapper_hw_platform_0/rsa_project_wrapper.bit"
10:21:15 INFO  : ps7_init is completed.
10:21:15 INFO  : ps7_post_config is completed.
10:21:26 INFO  : System reset is completed.
10:21:28 INFO  : FPGA configured successfully with bitstream "/volume1/fturan/DDP/ddp/2017-2018/work-packages/hw/rsa-project/src/sdk/rsa_project_wrapper_hw_platform_0/rsa_project_wrapper.bit"
10:21:29 INFO  : ps7_init is completed.
10:21:29 INFO  : ps7_post_config is completed.
10:21:47 INFO  : System reset is completed.
10:21:49 INFO  : FPGA configured successfully with bitstream "/volume1/fturan/DDP/ddp/2017-2018/work-packages/hw/rsa-project/src/sdk/rsa_project_wrapper_hw_platform_0/rsa_project_wrapper.bit"
10:21:50 INFO  : ps7_init is completed.
10:21:50 INFO  : ps7_post_config is completed.
10:24:54 ERROR : Unexpected error while parsing XMD response ￿: com.google.gson.JsonSyntaxException: com.google.gson.stream.MalformedJsonException: invalid number or unquoted string near 
