11:29:41 INFO  : Launching XSDB server: xsdb -n -interactive /volume1/fturan/DDP/ddp/2017-2018/work-packages/hw/rsa-project/src/sdk/temp_xsdb_launch_script.tcl
11:29:42 INFO  : XSDB server has started successfully.
11:29:43 INFO  : Processing command line option -hwspec /volume1/fturan/DDP/ddp/2017-2018/work-packages/hw/rsa-project/rsa_project/rsa_project.sdk/rsa_project_wrapper.hdf.
11:29:44 INFO  : Checking for hwspec changes in the project rsa_project_wrapper_hw_platform_0.
11:30:17 INFO  : Launching XSDB server: xsdb -n -interactive /volume1/fturan/DDP/ddp/2017-2018/work-packages/hw/rsa-project/src/sdk/temp_xsdb_launch_script.tcl
11:30:18 INFO  : XSDB server has started successfully.
11:30:18 INFO  : Processing command line option -hwspec /volume1/fturan/DDP/ddp/2017-2018/work-packages/hw/rsa-project/rsa_project/rsa_project.sdk/rsa_project_wrapper.hdf.
11:30:19 INFO  : Checking for hwspec changes in the project rsa_project_wrapper_hw_platform_0.
10:14:04 INFO  : Launching XSDB server: xsdb -n -interactive /volume1/fturan/DDP/ddp/2017-2018/work-packages/hw/rsa-project/src/sdk/temp_xsdb_launch_script.tcl
10:14:07 INFO  : XSDB server has started successfully.
10:14:13 INFO  : Processing command line option -hwspec /volume1/fturan/DDP/ddp/2017-2018/work-packages/hw/rsa-project/rsa_project/rsa_project.sdk/rsa_project_wrapper.hdf.
10:14:13 INFO  : Checking for hwspec changes in the project rsa_project_wrapper_hw_platform_0.
10:15:02 INFO  : System reset is completed.
10:15:04 INFO  : FPGA configured successfully with bitstream "/volume1/fturan/DDP/ddp/2017-2018/work-packages/hw/rsa-project/src/sdk/rsa_project_wrapper_hw_platform_0/rsa_project_wrapper.bit"
10:15:04 INFO  : ps7_init is completed.
10:15:04 INFO  : ps7_post_config is completed.
10:15:41 INFO  : System reset is completed.
10:15:42 INFO  : FPGA configured successfully with bitstream "/volume1/fturan/DDP/ddp/2017-2018/work-packages/hw/rsa-project/src/sdk/rsa_project_wrapper_hw_platform_0/rsa_project_wrapper.bit"
10:15:43 INFO  : ps7_init is completed.
10:15:43 INFO  : ps7_post_config is completed.
10:15:55 INFO  : System reset is completed.
10:15:56 INFO  : FPGA configured successfully with bitstream "/volume1/fturan/DDP/ddp/2017-2018/work-packages/hw/rsa-project/src/sdk/rsa_project_wrapper_hw_platform_0/rsa_project_wrapper.bit"
10:15:57 INFO  : ps7_init is completed.
10:15:57 INFO  : ps7_post_config is completed.
10:16:28 INFO  : System reset is completed.
10:16:29 INFO  : FPGA configured successfully with bitstream "/volume1/fturan/DDP/ddp/2017-2018/work-packages/hw/rsa-project/src/sdk/rsa_project_wrapper_hw_platform_0/rsa_project_wrapper.bit"
10:16:30 INFO  : ps7_init is completed.
10:16:30 INFO  : ps7_post_config is completed.
10:18:11 INFO  : System reset is completed.
10:18:13 INFO  : FPGA configured successfully with bitstream "/volume1/fturan/DDP/ddp/2017-2018/work-packages/hw/rsa-project/src/sdk/rsa_project_wrapper_hw_platform_0/rsa_project_wrapper.bit"
10:18:14 INFO  : ps7_init is completed.
10:18:14 INFO  : ps7_post_config is completed.
10:18:25 INFO  : System reset is completed.
10:18:27 INFO  : FPGA configured successfully with bitstream "/volume1/fturan/DDP/ddp/2017-2018/work-packages/hw/rsa-project/src/sdk/rsa_project_wrapper_hw_platform_0/rsa_project_wrapper.bit"
10:18:28 INFO  : ps7_init is completed.
10:18:28 INFO  : ps7_post_config is completed.
10:18:41 INFO  : System reset is completed.
10:18:43 INFO  : FPGA configured successfully with bitstream "/volume1/fturan/DDP/ddp/2017-2018/work-packages/hw/rsa-project/src/sdk/rsa_project_wrapper_hw_platform_0/rsa_project_wrapper.bit"
10:18:44 INFO  : ps7_init is completed.
10:18:44 INFO  : ps7_post_config is completed.
10:18:55 INFO  : System reset is completed.
10:18:57 INFO  : FPGA configured successfully with bitstream "/volume1/fturan/DDP/ddp/2017-2018/work-packages/hw/rsa-project/src/sdk/rsa_project_wrapper_hw_platform_0/rsa_project_wrapper.bit"
10:18:58 INFO  : ps7_init is completed.
10:18:58 INFO  : ps7_post_config is completed.
10:19:25 INFO  : System reset is completed.
10:19:27 INFO  : FPGA configured successfully with bitstream "/volume1/fturan/DDP/ddp/2017-2018/work-packages/hw/rsa-project/src/sdk/rsa_project_wrapper_hw_platform_0/rsa_project_wrapper.bit"
10:19:28 INFO  : ps7_init is completed.
10:19:28 INFO  : ps7_post_config is completed.
10:19:58 INFO  : System reset is completed.
10:19:59 INFO  : FPGA configured successfully with bitstream "/volume1/fturan/DDP/ddp/2017-2018/work-packages/hw/rsa-project/src/sdk/rsa_project_wrapper_hw_platform_0/rsa_project_wrapper.bit"
10:20:00 INFO  : ps7_init is completed.
10:20:00 INFO  : ps7_post_config is completed.
10:20:10 INFO  : System reset is completed.
10:20:12 INFO  : FPGA configured successfully with bitstream "/volume1/fturan/DDP/ddp/2017-2018/work-packages/hw/rsa-project/src/sdk/rsa_project_wrapper_hw_platform_0/rsa_project_wrapper.bit"
10:20:12 INFO  : ps7_init is completed.
10:20:12 INFO  : ps7_post_config is completed.
10:21:13 INFO  : System reset is completed.
10:21:15 INFO  : FPGA configured successfully with bitstream "/volume1/fturan/DDP/ddp/2017-2018/work-packages/hw/rsa-project/src/sdk/rsa_project_wrapper_hw_platform_0/rsa_project_wrapper.bit"
10:21:15 INFO  : ps7_init is completed.
10:21:15 INFO  : ps7_post_config is completed.
10:21:26 INFO  : System reset is completed.
10:21:28 INFO  : FPGA configured successfully with bitstream "/volume1/fturan/DDP/ddp/2017-2018/work-packages/hw/rsa-project/src/sdk/rsa_project_wrapper_hw_platform_0/rsa_project_wrapper.bit"
10:21:29 INFO  : ps7_init is completed.
10:21:29 INFO  : ps7_post_config is completed.
10:21:47 INFO  : System reset is completed.
10:21:49 INFO  : FPGA configured successfully with bitstream "/volume1/fturan/DDP/ddp/2017-2018/work-packages/hw/rsa-project/src/sdk/rsa_project_wrapper_hw_platform_0/rsa_project_wrapper.bit"
10:21:50 INFO  : ps7_init is completed.
10:21:50 INFO  : ps7_post_config is completed.
10:24:54 ERROR : Unexpected error while parsing XMD response ￿: com.google.gson.JsonSyntaxException: com.google.gson.stream.MalformedJsonException: invalid number or unquoted string near 
10:57:00 INFO  : Launching XSDB server: xsdb -n -interactive /users/start2016/r0594518/Desktop/Merger/package/rsa-project/src/sdk/temp_xsdb_launch_script.tcl
10:57:04 INFO  : XSDB server has started successfully.
10:57:07 INFO  : Processing command line option -hwspec /users/start2016/r0594518/Desktop/Merger/package/rsa-project/rsa_project/rsa_project.sdk/rsa_project_wrapper.hdf.
11:02:50 INFO  : System reset is completed.
11:02:52 INFO  : FPGA configured successfully with bitstream "/users/start2016/r0594518/Desktop/Merger/package/rsa-project/src/sdk/rsa_project_wrapper_hw_platform_1/rsa_project_wrapper.bit"
11:02:53 INFO  : ps7_init is completed.
11:02:53 INFO  : ps7_post_config is completed.
11:03:05 INFO  : System reset is completed.
11:03:07 INFO  : FPGA configured successfully with bitstream "/users/start2016/r0594518/Desktop/Merger/package/rsa-project/src/sdk/rsa_project_wrapper_hw_platform_1/rsa_project_wrapper.bit"
11:03:07 INFO  : ps7_init is completed.
11:03:07 INFO  : ps7_post_config is completed.
11:16:16 INFO  : System reset is completed.
11:16:17 INFO  : FPGA configured successfully with bitstream "/users/start2016/r0594518/Desktop/Merger/package/rsa-project/src/sdk/rsa_project_wrapper_hw_platform_1/rsa_project_wrapper.bit"
11:16:18 INFO  : ps7_init is completed.
11:16:18 INFO  : ps7_post_config is completed.
11:18:58 INFO  : System reset is completed.
11:18:59 INFO  : FPGA configured successfully with bitstream "/users/start2016/r0594518/Desktop/Merger/package/rsa-project/src/sdk/rsa_project_wrapper_hw_platform_1/rsa_project_wrapper.bit"
11:19:00 INFO  : ps7_init is completed.
11:19:00 INFO  : ps7_post_config is completed.
11:22:10 ERROR : Unexpected error while launching program.
java.lang.RuntimeException: The program file specified in the launch configuration does not exist
	at com.xilinx.sdk.debug.core.XilinxAppLaunchConfigurationDelegate.runApplication(XilinxAppLaunchConfigurationDelegate.java:580)
	at com.xilinx.sdk.debug.core.XilinxAppLaunchConfigurationDelegate.launch(XilinxAppLaunchConfigurationDelegate.java:309)
	at com.xilinx.sdk.debug.ui.XilinxAppLaunchDelegateWrapper.launch(XilinxAppLaunchDelegateWrapper.java:31)
	at org.eclipse.debug.internal.core.LaunchConfiguration.launch(LaunchConfiguration.java:885)
	at org.eclipse.debug.internal.core.LaunchConfiguration.launch(LaunchConfiguration.java:739)
	at org.eclipse.debug.internal.ui.DebugUIPlugin.buildAndLaunch(DebugUIPlugin.java:1039)
	at org.eclipse.debug.internal.ui.DebugUIPlugin$8.run(DebugUIPlugin.java:1256)
	at org.eclipse.core.internal.jobs.Worker.run(Worker.java:55)
11:22:27 ERROR : Unexpected error while launching program.
java.lang.RuntimeException: The program file specified in the launch configuration does not exist
	at com.xilinx.sdk.debug.core.XilinxAppLaunchConfigurationDelegate.runApplication(XilinxAppLaunchConfigurationDelegate.java:580)
	at com.xilinx.sdk.debug.core.XilinxAppLaunchConfigurationDelegate.launch(XilinxAppLaunchConfigurationDelegate.java:309)
	at com.xilinx.sdk.debug.ui.XilinxAppLaunchDelegateWrapper.launch(XilinxAppLaunchDelegateWrapper.java:31)
	at org.eclipse.debug.internal.core.LaunchConfiguration.launch(LaunchConfiguration.java:885)
	at org.eclipse.debug.internal.core.LaunchConfiguration.launch(LaunchConfiguration.java:739)
	at org.eclipse.debug.internal.ui.DebugUIPlugin.buildAndLaunch(DebugUIPlugin.java:1039)
	at org.eclipse.debug.internal.ui.DebugUIPlugin$8.run(DebugUIPlugin.java:1256)
	at org.eclipse.core.internal.jobs.Worker.run(Worker.java:55)
11:24:45 INFO  : System reset is completed.
11:24:46 INFO  : FPGA configured successfully with bitstream "/users/start2016/r0594518/Desktop/Merger/package/rsa-project/src/sdk/rsa_project_wrapper_hw_platform_1/rsa_project_wrapper.bit"
11:24:47 INFO  : ps7_init is completed.
11:24:47 INFO  : ps7_post_config is completed.
11:30:43 INFO  : System reset is completed.
11:30:45 INFO  : FPGA configured successfully with bitstream "/users/start2016/r0594518/Desktop/Merger/package/rsa-project/src/sdk/rsa_project_wrapper_hw_platform_1/rsa_project_wrapper.bit"
11:30:45 INFO  : ps7_init is completed.
11:30:45 INFO  : ps7_post_config is completed.
11:31:08 INFO  : System reset is completed.
11:31:10 INFO  : FPGA configured successfully with bitstream "/users/start2016/r0594518/Desktop/Merger/package/rsa-project/src/sdk/rsa_project_wrapper_hw_platform_1/rsa_project_wrapper.bit"
11:31:11 INFO  : ps7_init is completed.
11:31:11 INFO  : ps7_post_config is completed.
11:36:55 INFO  : System reset is completed.
11:36:56 INFO  : FPGA configured successfully with bitstream "/users/start2016/r0594518/Desktop/Merger/package/rsa-project/src/sdk/rsa_project_wrapper_hw_platform_1/rsa_project_wrapper.bit"
11:36:57 INFO  : ps7_init is completed.
11:36:57 INFO  : ps7_post_config is completed.
11:37:11 INFO  : System reset is completed.
11:37:12 INFO  : FPGA configured successfully with bitstream "/users/start2016/r0594518/Desktop/Merger/package/rsa-project/src/sdk/rsa_project_wrapper_hw_platform_1/rsa_project_wrapper.bit"
11:37:13 INFO  : ps7_init is completed.
11:37:13 INFO  : ps7_post_config is completed.
11:40:08 INFO  : System reset is completed.
11:40:09 INFO  : FPGA configured successfully with bitstream "/users/start2016/r0594518/Desktop/Merger/package/rsa-project/src/sdk/rsa_project_wrapper_hw_platform_1/rsa_project_wrapper.bit"
11:40:10 INFO  : ps7_init is completed.
11:40:10 INFO  : ps7_post_config is completed.
11:40:46 INFO  : System reset is completed.
11:40:47 INFO  : FPGA configured successfully with bitstream "/users/start2016/r0594518/Desktop/Merger/package/rsa-project/src/sdk/rsa_project_wrapper_hw_platform_1/rsa_project_wrapper.bit"
11:40:48 INFO  : ps7_init is completed.
11:40:48 INFO  : ps7_post_config is completed.
11:43:11 INFO  : System reset is completed.
11:43:13 INFO  : FPGA configured successfully with bitstream "/users/start2016/r0594518/Desktop/Merger/package/rsa-project/src/sdk/rsa_project_wrapper_hw_platform_1/rsa_project_wrapper.bit"
11:43:14 INFO  : ps7_init is completed.
11:43:14 INFO  : ps7_post_config is completed.
11:43:28 INFO  : System reset is completed.
11:43:29 INFO  : FPGA configured successfully with bitstream "/users/start2016/r0594518/Desktop/Merger/package/rsa-project/src/sdk/rsa_project_wrapper_hw_platform_1/rsa_project_wrapper.bit"
11:43:30 INFO  : ps7_init is completed.
11:43:30 INFO  : ps7_post_config is completed.
11:44:03 INFO  : System reset is completed.
11:44:05 INFO  : FPGA configured successfully with bitstream "/users/start2016/r0594518/Desktop/Merger/package/rsa-project/src/sdk/rsa_project_wrapper_hw_platform_1/rsa_project_wrapper.bit"
11:44:06 INFO  : ps7_init is completed.
11:44:06 INFO  : ps7_post_config is completed.
11:55:44 ERROR : Unexpected error while launching program.
java.lang.RuntimeException: The program file specified in the launch configuration does not exist
	at com.xilinx.sdk.debug.core.XilinxAppLaunchConfigurationDelegate.runApplication(XilinxAppLaunchConfigurationDelegate.java:580)
	at com.xilinx.sdk.debug.core.XilinxAppLaunchConfigurationDelegate.launch(XilinxAppLaunchConfigurationDelegate.java:309)
	at com.xilinx.sdk.debug.ui.XilinxAppLaunchDelegateWrapper.launch(XilinxAppLaunchDelegateWrapper.java:31)
	at org.eclipse.debug.internal.core.LaunchConfiguration.launch(LaunchConfiguration.java:885)
	at org.eclipse.debug.internal.core.LaunchConfiguration.launch(LaunchConfiguration.java:739)
	at org.eclipse.debug.internal.ui.DebugUIPlugin.buildAndLaunch(DebugUIPlugin.java:1039)
	at org.eclipse.debug.internal.ui.DebugUIPlugin$8.run(DebugUIPlugin.java:1256)
	at org.eclipse.core.internal.jobs.Worker.run(Worker.java:55)
11:56:09 ERROR : Unexpected error while launching program.
java.lang.RuntimeException: The program file specified in the launch configuration does not exist
	at com.xilinx.sdk.debug.core.XilinxAppLaunchConfigurationDelegate.runApplication(XilinxAppLaunchConfigurationDelegate.java:580)
	at com.xilinx.sdk.debug.core.XilinxAppLaunchConfigurationDelegate.launch(XilinxAppLaunchConfigurationDelegate.java:309)
	at com.xilinx.sdk.debug.ui.XilinxAppLaunchDelegateWrapper.launch(XilinxAppLaunchDelegateWrapper.java:31)
	at org.eclipse.debug.internal.core.LaunchConfiguration.launch(LaunchConfiguration.java:885)
	at org.eclipse.debug.internal.core.LaunchConfiguration.launch(LaunchConfiguration.java:739)
	at org.eclipse.debug.internal.ui.DebugUIPlugin.buildAndLaunch(DebugUIPlugin.java:1039)
	at org.eclipse.debug.internal.ui.DebugUIPlugin$8.run(DebugUIPlugin.java:1256)
	at org.eclipse.core.internal.jobs.Worker.run(Worker.java:55)
11:56:39 ERROR : (XSDB Server)ERROR: [Hsi 55-1403] /users/start2016/r0594518/Desktop/Merger/package/rsa-project/src/sdk/rsa_design_example_bsp/system.mss line 27 - No IP instance named my_montgomery_0 present in hardware design

11:56:39 ERROR : (XSDB Server)ERROR: [Hsi 55-1452] Error: running open_sw_design.

11:56:39 ERROR :  [Common 17-39] 'hsi::open_sw_design' failed due to earlier errors.
11:56:39 ERROR : (XSDB Server)ERROR: [Hsi 55-1403] /users/start2016/r0594518/Desktop/Merger/package/rsa-project/src/sdk/rsa_design_example_bsp/system.mss line 27 - No IP instance named my_montgomery_0 present in hardware design

11:56:39 ERROR : (XSDB Server)ERROR: [Hsi 55-1452] Error: running open_sw_design.

11:56:39 INFO  : Unable to read in MSS file /users/start2016/r0594518/Desktop/Merger/package/rsa-project/src/sdk/rsa_design_example_bsp/system.mss : null
11:56:39 ERROR : Failed to closesw "/users/start2016/r0594518/Desktop/Merger/package/rsa-project/src/sdk/rsa_design_example_bsp/system.mss"
Reason: Cannot close sw design '/users/start2016/r0594518/Desktop/Merger/package/rsa-project/src/sdk/rsa_design_example_bsp/system.mss'.
Design is not opened in the current session.


11:58:22 INFO  : System reset is completed.
11:58:23 INFO  : FPGA configured successfully with bitstream "/users/start2016/r0594518/Desktop/Merger/package/rsa-project/src/sdk/rsa_project_wrapper_hw_platform_1/rsa_project_wrapper.bit"
11:58:24 INFO  : ps7_init is completed.
11:58:24 INFO  : ps7_post_config is completed.
11:58:34 INFO  : System reset is completed.
11:58:35 INFO  : FPGA configured successfully with bitstream "/users/start2016/r0594518/Desktop/Merger/package/rsa-project/src/sdk/rsa_project_wrapper_hw_platform_1/rsa_project_wrapper.bit"
11:58:36 INFO  : ps7_init is completed.
11:58:36 INFO  : ps7_post_config is completed.
11:59:05 INFO  : System reset is completed.
11:59:06 INFO  : FPGA configured successfully with bitstream "/users/start2016/r0594518/Desktop/Merger/package/rsa-project/src/sdk/rsa_project_wrapper_hw_platform_1/rsa_project_wrapper.bit"
11:59:07 INFO  : ps7_init is completed.
11:59:07 INFO  : ps7_post_config is completed.
11:59:17 INFO  : System reset is completed.
11:59:19 INFO  : FPGA configured successfully with bitstream "/users/start2016/r0594518/Desktop/Merger/package/rsa-project/src/sdk/rsa_project_wrapper_hw_platform_1/rsa_project_wrapper.bit"
11:59:20 INFO  : ps7_init is completed.
11:59:20 INFO  : ps7_post_config is completed.
11:59:57 INFO  : System reset is completed.
11:59:58 INFO  : FPGA configured successfully with bitstream "/users/start2016/r0594518/Desktop/Merger/package/rsa-project/src/sdk/rsa_project_wrapper_hw_platform_1/rsa_project_wrapper.bit"
11:59:59 INFO  : ps7_init is completed.
11:59:59 INFO  : ps7_post_config is completed.
12:00:09 INFO  : System reset is completed.
12:00:10 INFO  : FPGA configured successfully with bitstream "/users/start2016/r0594518/Desktop/Merger/package/rsa-project/src/sdk/rsa_project_wrapper_hw_platform_1/rsa_project_wrapper.bit"
12:00:11 INFO  : ps7_init is completed.
12:00:11 INFO  : ps7_post_config is completed.
12:16:40 INFO  : System reset is completed.
12:16:42 INFO  : FPGA configured successfully with bitstream "/users/start2016/r0594518/Desktop/Merger/package/rsa-project/src/sdk/rsa_project_wrapper_hw_platform_1/rsa_project_wrapper.bit"
12:16:43 INFO  : ps7_init is completed.
12:16:43 INFO  : ps7_post_config is completed.
12:16:56 INFO  : System reset is completed.
12:16:57 INFO  : FPGA configured successfully with bitstream "/users/start2016/r0594518/Desktop/Merger/package/rsa-project/src/sdk/rsa_project_wrapper_hw_platform_1/rsa_project_wrapper.bit"
12:16:58 INFO  : ps7_init is completed.
12:16:58 INFO  : ps7_post_config is completed.
12:17:01 INFO  : System reset is completed.
12:17:02 INFO  : FPGA configured successfully with bitstream "/users/start2016/r0594518/Desktop/Merger/package/rsa-project/src/sdk/rsa_project_wrapper_hw_platform_1/rsa_project_wrapper.bit"
12:17:03 INFO  : ps7_init is completed.
12:17:03 INFO  : ps7_post_config is completed.
12:17:08 INFO  : System reset is completed.
12:17:09 INFO  : FPGA configured successfully with bitstream "/users/start2016/r0594518/Desktop/Merger/package/rsa-project/src/sdk/rsa_project_wrapper_hw_platform_1/rsa_project_wrapper.bit"
12:17:10 INFO  : ps7_init is completed.
12:17:10 INFO  : ps7_post_config is completed.
12:44:04 INFO  : System reset is completed.
12:44:06 INFO  : FPGA configured successfully with bitstream "/users/start2016/r0594518/Desktop/Merger/package/rsa-project/src/sdk/rsa_project_wrapper_hw_platform_1/rsa_project_wrapper.bit"
12:44:06 INFO  : ps7_init is completed.
12:44:06 INFO  : ps7_post_config is completed.
12:44:55 INFO  : System reset is completed.
12:44:56 INFO  : FPGA configured successfully with bitstream "/users/start2016/r0594518/Desktop/Merger/package/rsa-project/src/sdk/rsa_project_wrapper_hw_platform_1/rsa_project_wrapper.bit"
12:44:57 INFO  : ps7_init is completed.
12:44:57 INFO  : ps7_post_config is completed.
12:45:25 INFO  : System reset is completed.
12:45:27 INFO  : FPGA configured successfully with bitstream "/users/start2016/r0594518/Desktop/Merger/package/rsa-project/src/sdk/rsa_project_wrapper_hw_platform_1/rsa_project_wrapper.bit"
12:45:28 INFO  : ps7_init is completed.
12:45:28 INFO  : ps7_post_config is completed.
12:46:04 INFO  : System reset is completed.
12:46:06 INFO  : FPGA configured successfully with bitstream "/users/start2016/r0594518/Desktop/Merger/package/rsa-project/src/sdk/rsa_project_wrapper_hw_platform_1/rsa_project_wrapper.bit"
12:46:07 INFO  : ps7_init is completed.
12:46:07 INFO  : ps7_post_config is completed.
13:29:00 INFO  : SDK has detected change in the last modified timestamps for source hardware specification file Source:1533641300000,  Project:1533632051000
13:29:00 INFO  : Project rsa_project_wrapper_hw_platform_1's source hardware specification located at /users/start2016/r0594518/Desktop/Merger/package/rsa-project/rsa_project/rsa_project.sdk/rsa_project_wrapper.hdf is now different from the local copy.
		 The local copy will be replaced with the source specification and your workspace will be updated.
13:29:08 INFO  : Copied contents of /users/start2016/r0594518/Desktop/Merger/package/rsa-project/rsa_project/rsa_project.sdk/rsa_project_wrapper.hdf into /rsa_project_wrapper_hw_platform_1/system.hdf.
13:29:13 INFO  : Synchronizing projects in the workspace with the hardware platform specification changes.
13:29:13 INFO  : Clearing existing target manager status.
13:29:13 INFO  : Workspace synchronized with the new hardware specification file. Cleaning dependent projects...
13:29:13 WARN  : Linker script will not be updated automatically. Users need to update it manually.
13:30:19 INFO  : System reset is completed.
13:30:21 INFO  : FPGA configured successfully with bitstream "/users/start2016/r0594518/Desktop/Merger/package/rsa-project/src/sdk/rsa_project_wrapper_hw_platform_1/rsa_project_wrapper.bit"
13:30:22 INFO  : ps7_init is completed.
13:30:22 INFO  : ps7_post_config is completed.
13:30:29 INFO  : System reset is completed.
13:30:31 INFO  : FPGA configured successfully with bitstream "/users/start2016/r0594518/Desktop/Merger/package/rsa-project/src/sdk/rsa_project_wrapper_hw_platform_1/rsa_project_wrapper.bit"
13:30:31 INFO  : ps7_init is completed.
13:30:31 INFO  : ps7_post_config is completed.
13:30:52 INFO  : System reset is completed.
13:30:54 INFO  : FPGA configured successfully with bitstream "/users/start2016/r0594518/Desktop/Merger/package/rsa-project/src/sdk/rsa_project_wrapper_hw_platform_1/rsa_project_wrapper.bit"
13:30:54 INFO  : ps7_init is completed.
13:30:54 INFO  : ps7_post_config is completed.
13:31:14 INFO  : System reset is completed.
13:31:16 INFO  : FPGA configured successfully with bitstream "/users/start2016/r0594518/Desktop/Merger/package/rsa-project/src/sdk/rsa_project_wrapper_hw_platform_1/rsa_project_wrapper.bit"
13:31:16 INFO  : ps7_init is completed.
13:31:16 INFO  : ps7_post_config is completed.
13:31:31 INFO  : System reset is completed.
13:31:32 INFO  : FPGA configured successfully with bitstream "/users/start2016/r0594518/Desktop/Merger/package/rsa-project/src/sdk/rsa_project_wrapper_hw_platform_1/rsa_project_wrapper.bit"
13:31:33 INFO  : ps7_init is completed.
13:31:33 INFO  : ps7_post_config is completed.
13:39:11 INFO  : System reset is completed.
13:39:12 INFO  : FPGA configured successfully with bitstream "/users/start2016/r0594518/Desktop/Merger/package/rsa-project/src/sdk/rsa_project_wrapper_hw_platform_1/rsa_project_wrapper.bit"
13:39:13 INFO  : ps7_init is completed.
13:39:13 INFO  : ps7_post_config is completed.
13:39:27 INFO  : System reset is completed.
13:39:29 INFO  : FPGA configured successfully with bitstream "/users/start2016/r0594518/Desktop/Merger/package/rsa-project/src/sdk/rsa_project_wrapper_hw_platform_1/rsa_project_wrapper.bit"
13:39:29 INFO  : ps7_init is completed.
13:39:29 INFO  : ps7_post_config is completed.
13:39:33 INFO  : System reset is completed.
13:39:35 INFO  : FPGA configured successfully with bitstream "/users/start2016/r0594518/Desktop/Merger/package/rsa-project/src/sdk/rsa_project_wrapper_hw_platform_1/rsa_project_wrapper.bit"
13:39:35 INFO  : ps7_init is completed.
13:39:36 INFO  : ps7_post_config is completed.
13:39:44 INFO  : System reset is completed.
13:39:46 INFO  : FPGA configured successfully with bitstream "/users/start2016/r0594518/Desktop/Merger/package/rsa-project/src/sdk/rsa_project_wrapper_hw_platform_1/rsa_project_wrapper.bit"
13:39:46 INFO  : ps7_init is completed.
13:39:46 INFO  : ps7_post_config is completed.
13:42:29 INFO  : System reset is completed.
13:42:30 INFO  : FPGA configured successfully with bitstream "/users/start2016/r0594518/Desktop/Merger/package/rsa-project/src/sdk/rsa_project_wrapper_hw_platform_1/rsa_project_wrapper.bit"
13:42:31 INFO  : ps7_init is completed.
13:42:31 INFO  : ps7_post_config is completed.
13:42:57 INFO  : System reset is completed.
13:42:58 INFO  : FPGA configured successfully with bitstream "/users/start2016/r0594518/Desktop/Merger/package/rsa-project/src/sdk/rsa_project_wrapper_hw_platform_1/rsa_project_wrapper.bit"
13:42:59 INFO  : ps7_init is completed.
13:42:59 INFO  : ps7_post_config is completed.
