#-----------------------------------------------------------
# Vivado v2016.2 (64-bit)
# SW Build 1577090 on Thu Jun  2 16:32:35 MDT 2016
# IP Build 1577682 on Fri Jun  3 12:00:54 MDT 2016
# Start of session at: Tue Dec 12 02:20:24 2017
# Process ID: 32463
# Current directory: /users/start2015/r0575928/Desktop/ddplatforms_2017/package/rsa-project
# Command line: vivado rsa_project/rsa_project.xpr -tempDir /tmp
# Log file: /users/start2015/r0575928/Desktop/ddplatforms_2017/package/rsa-project/vivado.log
# Journal file: /users/start2015/r0575928/Desktop/ddplatforms_2017/package/rsa-project/vivado.jou
#-----------------------------------------------------------
start_gui
open_project rsa_project/rsa_project.xpr
Scanning sources...
Finished scanning sources
INFO: [IP_Flow 19-234] Refreshing IP repositories
INFO: [IP_Flow 19-1700] Loaded user IP repository '/users/start2015/r0575928/Desktop/ddplatforms_2017/package/rsa-project/src/ip_repo'.
INFO: [IP_Flow 19-2207] Repository '/users/start2015/r0575928/Desktop/ddplatforms_2017/package/rsa-project/src/ip_repo' already exists; ignoring attempt to add it again.
INFO: [IP_Flow 19-1700] Loaded user IP repository '/users/start2015/r0575928/Desktop/ddplatforms_2017/package/rsa-project/src/ip_repo'.
INFO: [IP_Flow 19-2313] Loaded Vivado IP repository '/esat/micas-data/software/xilinx_vivado_2016.2/Vivado/2016.2/data/ip'.
open_project: Time (s): cpu = 00:00:22 ; elapsed = 00:00:18 . Memory (MB): peak = 6018.293 ; gain = 182.766 ; free physical = 3674 ; free virtual = 21909
update_compile_order -fileset sources_1
launch_sdk -workspace /users/start2015/r0575928/Desktop/ddplatforms_2017/package/rsa-project/rsa_project/rsa_project.sdk -hwspec /users/start2015/r0575928/Desktop/ddplatforms_2017/package/rsa-project/rsa_project/rsa_project.sdk/rsa_project_wrapper.hdf
INFO: [Vivado 12-393] Launching SDK...
INFO: [Vivado 12-417] Running xsdk -workspace /users/start2015/r0575928/Desktop/ddplatforms_2017/package/rsa-project/rsa_project/rsa_project.sdk -hwspec /users/start2015/r0575928/Desktop/ddplatforms_2017/package/rsa-project/rsa_project/rsa_project.sdk/rsa_project_wrapper.hdf
INFO: [Vivado 12-3157] SDK launch initiated. Please check console for any further messages.
exit
INFO: [Common 17-206] Exiting Vivado at Tue Dec 12 03:57:47 2017...
