#-----------------------------------------------------------
# Vivado v2016.2 (64-bit)
# SW Build 1577090 on Thu Jun  2 16:32:35 MDT 2016
# IP Build 1577682 on Fri Jun  3 12:00:54 MDT 2016
# Start of session at: Tue Oct 24 09:27:41 2017
# Process ID: 9552
# Current directory: /users/start2015/r0575928/Desktop/ddplatforms_2017/ddp_hw/rsa-project
# Command line: vivado rsa_project/rsa_project.xpr -tempDir /tmp
# Log file: /users/start2015/r0575928/Desktop/ddplatforms_2017/ddp_hw/rsa-project/vivado.log
# Journal file: /users/start2015/r0575928/Desktop/ddplatforms_2017/ddp_hw/rsa-project/vivado.jou
#-----------------------------------------------------------
start_gui
open_project rsa_project/rsa_project.xpr
Scanning sources...
Finished scanning sources
INFO: [IP_Flow 19-234] Refreshing IP repositories
INFO: [IP_Flow 19-1704] No user IP repositories specified
INFO: [IP_Flow 19-2313] Loaded Vivado IP repository '/esat/micas-data/software/xilinx_vivado_2016.2/Vivado/2016.2/data/ip'.
open_project: Time (s): cpu = 00:00:08 ; elapsed = 00:00:07 . Memory (MB): peak = 5951.035 ; gain = 117.469 ; free physical = 165 ; free virtual = 18000
update_compile_order -fileset sources_1
exit
INFO: [Common 17-206] Exiting Vivado at Tue Oct 24 09:30:28 2017...
