#-----------------------------------------------------------
# Vivado v2016.2 (64-bit)
# SW Build 1577090 on Thu Jun  2 16:32:35 MDT 2016
# IP Build 1577682 on Fri Jun  3 12:00:54 MDT 2016
# Start of session at: Tue Oct 24 12:38:06 2017
# Process ID: 31835
# Current directory: /users/start2015/r0575928/Desktop/ddplatforms_2017/ddp_hw/rsa-project
# Command line: vivado rsa_project/rsa_project.xpr -tempDir /tmp
# Log file: /users/start2015/r0575928/Desktop/ddplatforms_2017/ddp_hw/rsa-project/vivado.log
# Journal file: /users/start2015/r0575928/Desktop/ddplatforms_2017/ddp_hw/rsa-project/vivado.jou
#-----------------------------------------------------------
start_gui
open_project rsa_project/rsa_project.xpr
Scanning sources...
Finished scanning sources
INFO: [IP_Flow 19-234] Refreshing IP repositories
INFO: [IP_Flow 19-1704] No user IP repositories specified
INFO: [IP_Flow 19-2313] Loaded Vivado IP repository '/esat/micas-data/software/xilinx_vivado_2016.2/Vivado/2016.2/data/ip'.
open_project: Time (s): cpu = 00:00:10 ; elapsed = 00:00:06 . Memory (MB): peak = 5945.988 ; gain = 114.352 ; free physical = 4305 ; free virtual = 22692
update_compile_order -fileset sources_1
reset_run synth_1
launch_runs impl_1
[Tue Oct 24 12:38:46 2017] Launched synth_1...
Run output will be captured here: /users/start2015/r0575928/Desktop/ddplatforms_2017/ddp_hw/rsa-project/rsa_project/rsa_project.runs/synth_1/runme.log
[Tue Oct 24 12:38:46 2017] Launched impl_1...
Run output will be captured here: /users/start2015/r0575928/Desktop/ddplatforms_2017/ddp_hw/rsa-project/rsa_project/rsa_project.runs/impl_1/runme.log
open_run impl_1
INFO: [Netlist 29-17] Analyzing 88 Unisim elements for replacement
INFO: [Netlist 29-28] Unisim Transformation completed in 0 CPU seconds
INFO: [Project 1-479] Netlist was created with Vivado 2016.2
INFO: [Device 21-403] Loading part xc7z010clg400-1
INFO: [Project 1-570] Preparing netlist for logic optimization
Parsing XDC File [/tmp/.Xil_r0575928/Vivado-31835-pc-klas1-3.esat.kuleuven.be/dcp/hweval_adder.xdc]
Finished Parsing XDC File [/tmp/.Xil_r0575928/Vivado-31835-pc-klas1-3.esat.kuleuven.be/dcp/hweval_adder.xdc]
Reading XDEF placement.
Reading placer database...
Reading XDEF routing.
Read XDEF File: Time (s): cpu = 00:00:00.23 ; elapsed = 00:00:00.23 . Memory (MB): peak = 6188.469 ; gain = 5.000 ; free physical = 4095 ; free virtual = 22480
Restored from archive | CPU: 0.240000 secs | Memory: 5.116577 MB |
Finished XDEF File Restore: Time (s): cpu = 00:00:00.23 ; elapsed = 00:00:00.23 . Memory (MB): peak = 6188.469 ; gain = 5.000 ; free physical = 4095 ; free virtual = 22480
INFO: [Project 1-111] Unisim Transformation Summary:
No Unisim elements were transformed.

open_run: Time (s): cpu = 00:00:14 ; elapsed = 00:00:11 . Memory (MB): peak = 6313.480 ; gain = 310.324 ; free physical = 3989 ; free virtual = 22367
report_utilization -name utilization_1
report_utilization: Time (s): cpu = 00:00:03 ; elapsed = 00:00:01 . Memory (MB): peak = 6633.258 ; gain = 0.000 ; free physical = 3594 ; free virtual = 21993
launch_simulation
INFO: [USF-XSim-27] Simulation object is 'sim_1'
INFO: [USF-XSim-37] Inspecting design source files for 'tb_adder' in fileset 'sim_1'...
INFO: [USF-XSim-97] Finding global include files...
INFO: [USF-XSim-98] Fetching design files from 'sim_1'...
INFO: [USF-XSim-2] XSim::Compile design
INFO: [USF-XSim-61] Executing 'COMPILE and ANALYZE' step in '/users/start2015/r0575928/Desktop/ddplatforms_2017/ddp_hw/rsa-project/rsa_project/rsa_project.sim/sim_1/behav'
xvlog -m64 --relax -prj tb_adder_vlog.prj
INFO: [VRFC 10-2263] Analyzing Verilog file "/users/start2015/r0575928/Desktop/ddplatforms_2017/ddp_hw/rsa-project/src/rtl/adder.v" into library xil_defaultlib
INFO: [VRFC 10-311] analyzing module adder
INFO: [VRFC 10-2263] Analyzing Verilog file "/users/start2015/r0575928/Desktop/ddplatforms_2017/ddp_hw/rsa-project/src/rtl/tb_adder.v" into library xil_defaultlib
INFO: [VRFC 10-311] analyzing module tb_adder
INFO: [VRFC 10-2263] Analyzing Verilog file "/users/start2015/r0575928/Desktop/ddplatforms_2017/ddp_hw/rsa-project/rsa_project/rsa_project.sim/sim_1/behav/glbl.v" into library xil_defaultlib
INFO: [VRFC 10-311] analyzing module glbl
INFO: [USF-XSim-69] 'compile' step finished in '1' seconds
INFO: [USF-XSim-3] XSim::Elaborate design
INFO: [USF-XSim-61] Executing 'ELABORATE' step in '/users/start2015/r0575928/Desktop/ddplatforms_2017/ddp_hw/rsa-project/rsa_project/rsa_project.sim/sim_1/behav'
Vivado Simulator 2016.2
Copyright 1986-1999, 2001-2016 Xilinx, Inc. All Rights Reserved.
Running: /esat/micas-data/software/xilinx_vivado_2016.2/Vivado/2016.2/bin/unwrapped/lnx64.o/xelab -wto 68139036194b486f867537134e53a7f7 --debug typical --relax --mt 8 -L xil_defaultlib -L unisims_ver -L unimacro_ver -L secureip --snapshot tb_adder_behav xil_defaultlib.tb_adder xil_defaultlib.glbl -log elaborate.log 
Using 8 slave threads.
Starting static elaboration
Completed static elaboration
Starting simulation data flow analysis
Completed simulation data flow analysis
Time Resolution for simulation is 1ps
Compiling module xil_defaultlib.adder
Compiling module xil_defaultlib.tb_adder
Compiling module xil_defaultlib.glbl
Built simulation snapshot tb_adder_behav

****** Webtalk v2016.2 (64-bit)
  **** SW Build 1577090 on Thu Jun  2 16:32:35 MDT 2016
  **** IP Build 1577682 on Fri Jun  3 12:00:54 MDT 2016
    ** Copyright 1986-2016 Xilinx, Inc. All Rights Reserved.

source /users/start2015/r0575928/Desktop/ddplatforms_2017/ddp_hw/rsa-project/rsa_project/rsa_project.sim/sim_1/behav/xsim.dir/tb_adder_behav/webtalk/xsim_webtalk.tcl -notrace
INFO: [Common 17-206] Exiting Webtalk at Tue Oct 24 12:48:35 2017...
INFO: [USF-XSim-69] 'elaborate' step finished in '1' seconds
INFO: [USF-XSim-4] XSim::Simulate design
INFO: [USF-XSim-61] Executing 'SIMULATE' step in '/users/start2015/r0575928/Desktop/ddplatforms_2017/ddp_hw/rsa-project/rsa_project/rsa_project.sim/sim_1/behav'
INFO: [USF-XSim-98] *** Running xsim
   with args "tb_adder_behav -key {Behavioral:sim_1:Functional:tb_adder} -tclbatch {tb_adder.tcl} -view {/users/start2015/r0575928/Desktop/ddplatforms_2017/ddp_hw/rsa-project/rsa_project/tb_adder_behav.wcfg} -log {simulate.log}"
INFO: [USF-XSim-8] Loading simulator feature
Vivado Simulator 2016.2
Time resolution is 1 ps
open_wave_config /users/start2015/r0575928/Desktop/ddplatforms_2017/ddp_hw/rsa-project/rsa_project/tb_adder_behav.wcfg
source tb_adder.tcl
# set curr_wave [current_wave_config]
# if { [string length $curr_wave] == 0 } {
#   if { [llength [get_objects]] > 0} {
#     add_wave /
#     set_property needs_save false [current_wave_config]
#   } else {
#      send_msg_id Add_Wave-1 WARNING "No top level signals found. Simulator will start without a wave window. If you want to open a wave window go to 'File->New Waveform Configuration' or type 'create_wave_config' in the TCL console."
#   }
# }
# run 1000ns
result=3cae6faa5a33f7b644fa44e3366e1027b6e3b765113475c1fc4fee955901dfad931b4ee3efa4d6c3ce29feaf1ba45d18ba6691aa518b36d3c4bb4b15983879c51
result=38629ec2eea705a0352a4c9d88a2b12dd8ac5ad0aa3196ed41f4c5b737a5daacf0a16e146d8c2f25c62352f8bcb6fcbc37194ea6ef14fee06746cdd4b742fb81b
$finish called at time : 335 ns : File "/users/start2015/r0575928/Desktop/ddplatforms_2017/ddp_hw/rsa-project/src/rtl/tb_adder.v" Line 129
INFO: [USF-XSim-96] XSim completed. Design snapshot 'tb_adder_behav' loaded.
INFO: [USF-XSim-97] XSim simulation ran for 1000ns
save_wave_config {/users/start2015/r0575928/Desktop/ddplatforms_2017/ddp_hw/rsa-project/rsa_project/tb_adder_behav.wcfg}
reset_run synth_1
launch_runs impl_1
[Tue Oct 24 12:50:56 2017] Launched synth_1...
Run output will be captured here: /users/start2015/r0575928/Desktop/ddplatforms_2017/ddp_hw/rsa-project/rsa_project/rsa_project.runs/synth_1/runme.log
[Tue Oct 24 12:50:56 2017] Launched impl_1...
Run output will be captured here: /users/start2015/r0575928/Desktop/ddplatforms_2017/ddp_hw/rsa-project/rsa_project/rsa_project.runs/impl_1/runme.log
refresh_design
INFO: [Netlist 29-17] Analyzing 88 Unisim elements for replacement
INFO: [Netlist 29-28] Unisim Transformation completed in 0 CPU seconds
INFO: [Project 1-479] Netlist was created with Vivado 2016.2
INFO: [Project 1-570] Preparing netlist for logic optimization
Parsing XDC File [/tmp/.Xil_r0575928/Vivado-31835-pc-klas1-3.esat.kuleuven.be/dcp/hweval_adder.xdc]
Finished Parsing XDC File [/tmp/.Xil_r0575928/Vivado-31835-pc-klas1-3.esat.kuleuven.be/dcp/hweval_adder.xdc]
Reading XDEF placement.
Reading placer database...
Reading XDEF routing.
Read XDEF File: Time (s): cpu = 00:00:00.22 ; elapsed = 00:00:00.22 . Memory (MB): peak = 6758.238 ; gain = 0.000 ; free physical = 3020 ; free virtual = 21504
Restored from archive | CPU: 0.220000 secs | Memory: 3.969955 MB |
Finished XDEF File Restore: Time (s): cpu = 00:00:00.22 ; elapsed = 00:00:00.22 . Memory (MB): peak = 6758.238 ; gain = 0.000 ; free physical = 3020 ; free virtual = 21504
report_timing_summary -delay_type min_max -report_unconstrained -check_timing_verbose -max_paths 10 -input_pins -name timing_1
INFO: [Timing 38-35] Done setting XDC timing constraints.
INFO: [Timing 38-91] UpdateTimingParams: Speed grade: -1, Delay Type: min_max.
INFO: [Timing 38-191] Multithreading enabled for timing update using a maximum of 4 CPUs
close_sim
INFO: [Simtcl 6-16] Simulation closed
launch_simulation
INFO: [USF-XSim-27] Simulation object is 'sim_1'
INFO: [USF-XSim-37] Inspecting design source files for 'tb_adder' in fileset 'sim_1'...
INFO: [USF-XSim-97] Finding global include files...
INFO: [USF-XSim-98] Fetching design files from 'sim_1'...
INFO: [USF-XSim-2] XSim::Compile design
INFO: [USF-XSim-61] Executing 'COMPILE and ANALYZE' step in '/users/start2015/r0575928/Desktop/ddplatforms_2017/ddp_hw/rsa-project/rsa_project/rsa_project.sim/sim_1/behav'
xvlog -m64 --relax -prj tb_adder_vlog.prj
INFO: [VRFC 10-2263] Analyzing Verilog file "/users/start2015/r0575928/Desktop/ddplatforms_2017/ddp_hw/rsa-project/src/rtl/adder.v" into library xil_defaultlib
INFO: [VRFC 10-311] analyzing module adder
INFO: [VRFC 10-2263] Analyzing Verilog file "/users/start2015/r0575928/Desktop/ddplatforms_2017/ddp_hw/rsa-project/src/rtl/tb_adder.v" into library xil_defaultlib
INFO: [VRFC 10-311] analyzing module tb_adder
INFO: [VRFC 10-2263] Analyzing Verilog file "/users/start2015/r0575928/Desktop/ddplatforms_2017/ddp_hw/rsa-project/rsa_project/rsa_project.sim/sim_1/behav/glbl.v" into library xil_defaultlib
INFO: [VRFC 10-311] analyzing module glbl
INFO: [USF-XSim-69] 'compile' step finished in '0' seconds
INFO: [USF-XSim-3] XSim::Elaborate design
INFO: [USF-XSim-61] Executing 'ELABORATE' step in '/users/start2015/r0575928/Desktop/ddplatforms_2017/ddp_hw/rsa-project/rsa_project/rsa_project.sim/sim_1/behav'
Vivado Simulator 2016.2
Copyright 1986-1999, 2001-2016 Xilinx, Inc. All Rights Reserved.
Running: /esat/micas-data/software/xilinx_vivado_2016.2/Vivado/2016.2/bin/unwrapped/lnx64.o/xelab -wto 68139036194b486f867537134e53a7f7 --debug typical --relax --mt 8 -L xil_defaultlib -L unisims_ver -L unimacro_ver -L secureip --snapshot tb_adder_behav xil_defaultlib.tb_adder xil_defaultlib.glbl -log elaborate.log 
Using 8 slave threads.
Starting static elaboration
Completed static elaboration
Starting simulation data flow analysis
Completed simulation data flow analysis
Time Resolution for simulation is 1ps
Compiling module xil_defaultlib.adder
Compiling module xil_defaultlib.tb_adder
Compiling module xil_defaultlib.glbl
Built simulation snapshot tb_adder_behav

****** Webtalk v2016.2 (64-bit)
  **** SW Build 1577090 on Thu Jun  2 16:32:35 MDT 2016
  **** IP Build 1577682 on Fri Jun  3 12:00:54 MDT 2016
    ** Copyright 1986-2016 Xilinx, Inc. All Rights Reserved.

source /users/start2015/r0575928/Desktop/ddplatforms_2017/ddp_hw/rsa-project/rsa_project/rsa_project.sim/sim_1/behav/xsim.dir/tb_adder_behav/webtalk/xsim_webtalk.tcl -notrace
INFO: [Common 17-206] Exiting Webtalk at Tue Oct 24 12:54:08 2017...
INFO: [USF-XSim-69] 'elaborate' step finished in '1' seconds
INFO: [USF-XSim-4] XSim::Simulate design
INFO: [USF-XSim-61] Executing 'SIMULATE' step in '/users/start2015/r0575928/Desktop/ddplatforms_2017/ddp_hw/rsa-project/rsa_project/rsa_project.sim/sim_1/behav'
INFO: [USF-XSim-98] *** Running xsim
   with args "tb_adder_behav -key {Behavioral:sim_1:Functional:tb_adder} -tclbatch {tb_adder.tcl} -view {/users/start2015/r0575928/Desktop/ddplatforms_2017/ddp_hw/rsa-project/rsa_project/tb_adder_behav.wcfg} -log {simulate.log}"
INFO: [USF-XSim-8] Loading simulator feature
Vivado Simulator 2016.2
Time resolution is 1 ps
open_wave_config /users/start2015/r0575928/Desktop/ddplatforms_2017/ddp_hw/rsa-project/rsa_project/tb_adder_behav.wcfg
source tb_adder.tcl
# set curr_wave [current_wave_config]
# if { [string length $curr_wave] == 0 } {
#   if { [llength [get_objects]] > 0} {
#     add_wave /
#     set_property needs_save false [current_wave_config]
#   } else {
#      send_msg_id Add_Wave-1 WARNING "No top level signals found. Simulator will start without a wave window. If you want to open a wave window go to 'File->New Waveform Configuration' or type 'create_wave_config' in the TCL console."
#   }
# }
# run 1000ns
result=3cae6faa5a33f7b644fa44e3366e1027b6e3b765113475c1fc4fee955901dfad931b4ee3efa4d6c3ce29feaf1ba45d18ba6691aa518b36d3c4bb4b15983879c51
result=18629ec2eea705a0352a4c9d88a2b12dd8ac5ad0aa2d96ed41f4c5b737a5daacf0a16e146d8c2f25c6235378bcb6fcbc37194ea6ef14fee06746cdd4b742fb81b
$finish called at time : 335 ns : File "/users/start2015/r0575928/Desktop/ddplatforms_2017/ddp_hw/rsa-project/src/rtl/tb_adder.v" Line 129
INFO: [USF-XSim-96] XSim completed. Design snapshot 'tb_adder_behav' loaded.
INFO: [USF-XSim-97] XSim simulation ran for 1000ns
save_wave_config {/users/start2015/r0575928/Desktop/ddplatforms_2017/ddp_hw/rsa-project/rsa_project/tb_adder_behav.wcfg}
close_sim
INFO: [Simtcl 6-16] Simulation closed
launch_simulation
INFO: [USF-XSim-27] Simulation object is 'sim_1'
INFO: [USF-XSim-37] Inspecting design source files for 'tb_adder' in fileset 'sim_1'...
INFO: [USF-XSim-97] Finding global include files...
INFO: [USF-XSim-98] Fetching design files from 'sim_1'...
INFO: [USF-XSim-2] XSim::Compile design
INFO: [USF-XSim-61] Executing 'COMPILE and ANALYZE' step in '/users/start2015/r0575928/Desktop/ddplatforms_2017/ddp_hw/rsa-project/rsa_project/rsa_project.sim/sim_1/behav'
xvlog -m64 --relax -prj tb_adder_vlog.prj
INFO: [VRFC 10-2263] Analyzing Verilog file "/users/start2015/r0575928/Desktop/ddplatforms_2017/ddp_hw/rsa-project/src/rtl/adder.v" into library xil_defaultlib
INFO: [VRFC 10-311] analyzing module adder
ERROR: [VRFC 10-1412] syntax error near end [/users/start2015/r0575928/Desktop/ddplatforms_2017/ddp_hw/rsa-project/src/rtl/adder.v:124]
ERROR: [VRFC 10-554] default case should appear only once [/users/start2015/r0575928/Desktop/ddplatforms_2017/ddp_hw/rsa-project/src/rtl/adder.v:130]
ERROR: [VRFC 10-1040] module adder ignored due to previous errors [/users/start2015/r0575928/Desktop/ddplatforms_2017/ddp_hw/rsa-project/src/rtl/adder.v:3]
INFO: [USF-XSim-69] 'compile' step finished in '0' seconds
INFO: [USF-XSim-99] Step results log file:'/users/start2015/r0575928/Desktop/ddplatforms_2017/ddp_hw/rsa-project/rsa_project/rsa_project.sim/sim_1/behav/xvlog.log'
ERROR: [USF-XSim-62] 'compile' step failed with error(s). Please check the Tcl console output or '/users/start2015/r0575928/Desktop/ddplatforms_2017/ddp_hw/rsa-project/rsa_project/rsa_project.sim/sim_1/behav/xvlog.log' file for more information.
ERROR: [Vivado 12-4473] Detected error while running simulation. Please correct the issue and retry this operation.
ERROR: [Common 17-39] 'launch_simulation' failed due to earlier errors.
launch_simulation
INFO: [USF-XSim-27] Simulation object is 'sim_1'
INFO: [USF-XSim-37] Inspecting design source files for 'tb_adder' in fileset 'sim_1'...
INFO: [USF-XSim-97] Finding global include files...
INFO: [USF-XSim-98] Fetching design files from 'sim_1'...
INFO: [USF-XSim-2] XSim::Compile design
INFO: [USF-XSim-61] Executing 'COMPILE and ANALYZE' step in '/users/start2015/r0575928/Desktop/ddplatforms_2017/ddp_hw/rsa-project/rsa_project/rsa_project.sim/sim_1/behav'
xvlog -m64 --relax -prj tb_adder_vlog.prj
INFO: [VRFC 10-2263] Analyzing Verilog file "/users/start2015/r0575928/Desktop/ddplatforms_2017/ddp_hw/rsa-project/src/rtl/adder.v" into library xil_defaultlib
INFO: [VRFC 10-311] analyzing module adder
INFO: [VRFC 10-2263] Analyzing Verilog file "/users/start2015/r0575928/Desktop/ddplatforms_2017/ddp_hw/rsa-project/src/rtl/tb_adder.v" into library xil_defaultlib
INFO: [VRFC 10-311] analyzing module tb_adder
INFO: [VRFC 10-2263] Analyzing Verilog file "/users/start2015/r0575928/Desktop/ddplatforms_2017/ddp_hw/rsa-project/rsa_project/rsa_project.sim/sim_1/behav/glbl.v" into library xil_defaultlib
INFO: [VRFC 10-311] analyzing module glbl
INFO: [USF-XSim-69] 'compile' step finished in '0' seconds
INFO: [USF-XSim-3] XSim::Elaborate design
INFO: [USF-XSim-61] Executing 'ELABORATE' step in '/users/start2015/r0575928/Desktop/ddplatforms_2017/ddp_hw/rsa-project/rsa_project/rsa_project.sim/sim_1/behav'
Vivado Simulator 2016.2
Copyright 1986-1999, 2001-2016 Xilinx, Inc. All Rights Reserved.
Running: /esat/micas-data/software/xilinx_vivado_2016.2/Vivado/2016.2/bin/unwrapped/lnx64.o/xelab -wto 68139036194b486f867537134e53a7f7 --debug typical --relax --mt 8 -L xil_defaultlib -L unisims_ver -L unimacro_ver -L secureip --snapshot tb_adder_behav xil_defaultlib.tb_adder xil_defaultlib.glbl -log elaborate.log 
Using 8 slave threads.
Starting static elaboration
Completed static elaboration
Starting simulation data flow analysis
Completed simulation data flow analysis
Time Resolution for simulation is 1ps
Compiling module xil_defaultlib.adder
Compiling module xil_defaultlib.tb_adder
Compiling module xil_defaultlib.glbl
Built simulation snapshot tb_adder_behav

****** Webtalk v2016.2 (64-bit)
  **** SW Build 1577090 on Thu Jun  2 16:32:35 MDT 2016
  **** IP Build 1577682 on Fri Jun  3 12:00:54 MDT 2016
    ** Copyright 1986-2016 Xilinx, Inc. All Rights Reserved.

source /users/start2015/r0575928/Desktop/ddplatforms_2017/ddp_hw/rsa-project/rsa_project/rsa_project.sim/sim_1/behav/xsim.dir/tb_adder_behav/webtalk/xsim_webtalk.tcl -notrace
INFO: [Common 17-206] Exiting Webtalk at Tue Oct 24 12:56:32 2017...
INFO: [USF-XSim-69] 'elaborate' step finished in '1' seconds
INFO: [USF-XSim-4] XSim::Simulate design
INFO: [USF-XSim-61] Executing 'SIMULATE' step in '/users/start2015/r0575928/Desktop/ddplatforms_2017/ddp_hw/rsa-project/rsa_project/rsa_project.sim/sim_1/behav'
INFO: [USF-XSim-98] *** Running xsim
   with args "tb_adder_behav -key {Behavioral:sim_1:Functional:tb_adder} -tclbatch {tb_adder.tcl} -view {/users/start2015/r0575928/Desktop/ddplatforms_2017/ddp_hw/rsa-project/rsa_project/tb_adder_behav.wcfg} -log {simulate.log}"
INFO: [USF-XSim-8] Loading simulator feature
Vivado Simulator 2016.2
Time resolution is 1 ps
open_wave_config /users/start2015/r0575928/Desktop/ddplatforms_2017/ddp_hw/rsa-project/rsa_project/tb_adder_behav.wcfg
source tb_adder.tcl
# set curr_wave [current_wave_config]
# if { [string length $curr_wave] == 0 } {
#   if { [llength [get_objects]] > 0} {
#     add_wave /
#     set_property needs_save false [current_wave_config]
#   } else {
#      send_msg_id Add_Wave-1 WARNING "No top level signals found. Simulator will start without a wave window. If you want to open a wave window go to 'File->New Waveform Configuration' or type 'create_wave_config' in the TCL console."
#   }
# }
# run 1000ns
result=3cae6faa5a33f7b644fa44e3366e1027b6e3b765113475c1fc4fee955901dfad931b4ee3efa4d6c3ce29feaf1ba45d18ba6691aa518b36d3c4bb4b15983879c51
result=18629ec2eea705a0352a4c9d88a2b12dd8ac5ad0aa2d96ed41f4c5b737a5daacf0a16e146d8c2f25c6235378bcb6fcbc37194ea6ef14fee06746cdd4b742fb81b
$finish called at time : 335 ns : File "/users/start2015/r0575928/Desktop/ddplatforms_2017/ddp_hw/rsa-project/src/rtl/tb_adder.v" Line 129
INFO: [USF-XSim-96] XSim completed. Design snapshot 'tb_adder_behav' loaded.
INFO: [USF-XSim-97] XSim simulation ran for 1000ns
close_sim
INFO: [Simtcl 6-16] Simulation closed
launch_simulation
INFO: [USF-XSim-27] Simulation object is 'sim_1'
INFO: [USF-XSim-37] Inspecting design source files for 'tb_adder' in fileset 'sim_1'...
INFO: [USF-XSim-97] Finding global include files...
INFO: [USF-XSim-98] Fetching design files from 'sim_1'...
INFO: [USF-XSim-2] XSim::Compile design
INFO: [USF-XSim-61] Executing 'COMPILE and ANALYZE' step in '/users/start2015/r0575928/Desktop/ddplatforms_2017/ddp_hw/rsa-project/rsa_project/rsa_project.sim/sim_1/behav'
xvlog -m64 --relax -prj tb_adder_vlog.prj
INFO: [VRFC 10-2263] Analyzing Verilog file "/users/start2015/r0575928/Desktop/ddplatforms_2017/ddp_hw/rsa-project/src/rtl/adder.v" into library xil_defaultlib
INFO: [VRFC 10-311] analyzing module adder
INFO: [VRFC 10-2263] Analyzing Verilog file "/users/start2015/r0575928/Desktop/ddplatforms_2017/ddp_hw/rsa-project/src/rtl/tb_adder.v" into library xil_defaultlib
INFO: [VRFC 10-311] analyzing module tb_adder
INFO: [VRFC 10-2263] Analyzing Verilog file "/users/start2015/r0575928/Desktop/ddplatforms_2017/ddp_hw/rsa-project/rsa_project/rsa_project.sim/sim_1/behav/glbl.v" into library xil_defaultlib
INFO: [VRFC 10-311] analyzing module glbl
INFO: [USF-XSim-69] 'compile' step finished in '0' seconds
INFO: [USF-XSim-3] XSim::Elaborate design
INFO: [USF-XSim-61] Executing 'ELABORATE' step in '/users/start2015/r0575928/Desktop/ddplatforms_2017/ddp_hw/rsa-project/rsa_project/rsa_project.sim/sim_1/behav'
Vivado Simulator 2016.2
Copyright 1986-1999, 2001-2016 Xilinx, Inc. All Rights Reserved.
Running: /esat/micas-data/software/xilinx_vivado_2016.2/Vivado/2016.2/bin/unwrapped/lnx64.o/xelab -wto 68139036194b486f867537134e53a7f7 --debug typical --relax --mt 8 -L xil_defaultlib -L unisims_ver -L unimacro_ver -L secureip --snapshot tb_adder_behav xil_defaultlib.tb_adder xil_defaultlib.glbl -log elaborate.log 
Using 8 slave threads.
Starting static elaboration
Completed static elaboration
Starting simulation data flow analysis
Completed simulation data flow analysis
Time Resolution for simulation is 1ps
Compiling module xil_defaultlib.adder
Compiling module xil_defaultlib.tb_adder
Compiling module xil_defaultlib.glbl
Built simulation snapshot tb_adder_behav

****** Webtalk v2016.2 (64-bit)
  **** SW Build 1577090 on Thu Jun  2 16:32:35 MDT 2016
  **** IP Build 1577682 on Fri Jun  3 12:00:54 MDT 2016
    ** Copyright 1986-2016 Xilinx, Inc. All Rights Reserved.

source /users/start2015/r0575928/Desktop/ddplatforms_2017/ddp_hw/rsa-project/rsa_project/rsa_project.sim/sim_1/behav/xsim.dir/tb_adder_behav/webtalk/xsim_webtalk.tcl -notrace
INFO: [Common 17-206] Exiting Webtalk at Tue Oct 24 12:57:47 2017...
INFO: [USF-XSim-69] 'elaborate' step finished in '0' seconds
INFO: [USF-XSim-4] XSim::Simulate design
INFO: [USF-XSim-61] Executing 'SIMULATE' step in '/users/start2015/r0575928/Desktop/ddplatforms_2017/ddp_hw/rsa-project/rsa_project/rsa_project.sim/sim_1/behav'
INFO: [USF-XSim-98] *** Running xsim
   with args "tb_adder_behav -key {Behavioral:sim_1:Functional:tb_adder} -tclbatch {tb_adder.tcl} -view {/users/start2015/r0575928/Desktop/ddplatforms_2017/ddp_hw/rsa-project/rsa_project/tb_adder_behav.wcfg} -log {simulate.log}"
INFO: [USF-XSim-8] Loading simulator feature
Vivado Simulator 2016.2
Time resolution is 1 ps
open_wave_config /users/start2015/r0575928/Desktop/ddplatforms_2017/ddp_hw/rsa-project/rsa_project/tb_adder_behav.wcfg
source tb_adder.tcl
# set curr_wave [current_wave_config]
# if { [string length $curr_wave] == 0 } {
#   if { [llength [get_objects]] > 0} {
#     add_wave /
#     set_property needs_save false [current_wave_config]
#   } else {
#      send_msg_id Add_Wave-1 WARNING "No top level signals found. Simulator will start without a wave window. If you want to open a wave window go to 'File->New Waveform Configuration' or type 'create_wave_config' in the TCL console."
#   }
# }
# run 1000ns
result=3cae6faa5a33f7b644fa44e3366e1027b6e3b765113475c1fc4fee955901dfad931b4ee3efa4d6c3ce29feaf1ba45d18ba6691aa518b36d3c4bb4b15983879c51
result=38629ec2eea705a0352a4c9d88a2b12dd8ac5ad0aa3196ed41f4c5b737a5daacf0a16e146d8c2f25c62352f8bcb6fcbc37194ea6ef14fee06746cdd4b742fb81b
$finish called at time : 335 ns : File "/users/start2015/r0575928/Desktop/ddplatforms_2017/ddp_hw/rsa-project/src/rtl/tb_adder.v" Line 129
INFO: [USF-XSim-96] XSim completed. Design snapshot 'tb_adder_behav' loaded.
INFO: [USF-XSim-97] XSim simulation ran for 1000ns
close_sim
INFO: [Simtcl 6-16] Simulation closed
launch_simulation
INFO: [USF-XSim-27] Simulation object is 'sim_1'
INFO: [USF-XSim-37] Inspecting design source files for 'tb_adder' in fileset 'sim_1'...
INFO: [USF-XSim-97] Finding global include files...
INFO: [USF-XSim-98] Fetching design files from 'sim_1'...
INFO: [USF-XSim-2] XSim::Compile design
INFO: [USF-XSim-61] Executing 'COMPILE and ANALYZE' step in '/users/start2015/r0575928/Desktop/ddplatforms_2017/ddp_hw/rsa-project/rsa_project/rsa_project.sim/sim_1/behav'
xvlog -m64 --relax -prj tb_adder_vlog.prj
INFO: [VRFC 10-2263] Analyzing Verilog file "/users/start2015/r0575928/Desktop/ddplatforms_2017/ddp_hw/rsa-project/src/rtl/adder.v" into library xil_defaultlib
INFO: [VRFC 10-311] analyzing module adder
INFO: [VRFC 10-2263] Analyzing Verilog file "/users/start2015/r0575928/Desktop/ddplatforms_2017/ddp_hw/rsa-project/src/rtl/tb_adder.v" into library xil_defaultlib
INFO: [VRFC 10-311] analyzing module tb_adder
INFO: [VRFC 10-2263] Analyzing Verilog file "/users/start2015/r0575928/Desktop/ddplatforms_2017/ddp_hw/rsa-project/rsa_project/rsa_project.sim/sim_1/behav/glbl.v" into library xil_defaultlib
INFO: [VRFC 10-311] analyzing module glbl
INFO: [USF-XSim-69] 'compile' step finished in '0' seconds
INFO: [USF-XSim-3] XSim::Elaborate design
INFO: [USF-XSim-61] Executing 'ELABORATE' step in '/users/start2015/r0575928/Desktop/ddplatforms_2017/ddp_hw/rsa-project/rsa_project/rsa_project.sim/sim_1/behav'
Vivado Simulator 2016.2
Copyright 1986-1999, 2001-2016 Xilinx, Inc. All Rights Reserved.
Running: /esat/micas-data/software/xilinx_vivado_2016.2/Vivado/2016.2/bin/unwrapped/lnx64.o/xelab -wto 68139036194b486f867537134e53a7f7 --debug typical --relax --mt 8 -L xil_defaultlib -L unisims_ver -L unimacro_ver -L secureip --snapshot tb_adder_behav xil_defaultlib.tb_adder xil_defaultlib.glbl -log elaborate.log 
Using 8 slave threads.
Starting static elaboration
Completed static elaboration
Starting simulation data flow analysis
Completed simulation data flow analysis
Time Resolution for simulation is 1ps
Compiling module xil_defaultlib.adder
Compiling module xil_defaultlib.tb_adder
Compiling module xil_defaultlib.glbl
Built simulation snapshot tb_adder_behav

****** Webtalk v2016.2 (64-bit)
  **** SW Build 1577090 on Thu Jun  2 16:32:35 MDT 2016
  **** IP Build 1577682 on Fri Jun  3 12:00:54 MDT 2016
    ** Copyright 1986-2016 Xilinx, Inc. All Rights Reserved.

source /users/start2015/r0575928/Desktop/ddplatforms_2017/ddp_hw/rsa-project/rsa_project/rsa_project.sim/sim_1/behav/xsim.dir/tb_adder_behav/webtalk/xsim_webtalk.tcl -notrace
INFO: [Common 17-206] Exiting Webtalk at Tue Oct 24 13:01:23 2017...
INFO: [USF-XSim-69] 'elaborate' step finished in '1' seconds
INFO: [USF-XSim-4] XSim::Simulate design
INFO: [USF-XSim-61] Executing 'SIMULATE' step in '/users/start2015/r0575928/Desktop/ddplatforms_2017/ddp_hw/rsa-project/rsa_project/rsa_project.sim/sim_1/behav'
INFO: [USF-XSim-98] *** Running xsim
   with args "tb_adder_behav -key {Behavioral:sim_1:Functional:tb_adder} -tclbatch {tb_adder.tcl} -view {/users/start2015/r0575928/Desktop/ddplatforms_2017/ddp_hw/rsa-project/rsa_project/tb_adder_behav.wcfg} -log {simulate.log}"
INFO: [USF-XSim-8] Loading simulator feature
Vivado Simulator 2016.2
Time resolution is 1 ps
open_wave_config /users/start2015/r0575928/Desktop/ddplatforms_2017/ddp_hw/rsa-project/rsa_project/tb_adder_behav.wcfg
source tb_adder.tcl
# set curr_wave [current_wave_config]
# if { [string length $curr_wave] == 0 } {
#   if { [llength [get_objects]] > 0} {
#     add_wave /
#     set_property needs_save false [current_wave_config]
#   } else {
#      send_msg_id Add_Wave-1 WARNING "No top level signals found. Simulator will start without a wave window. If you want to open a wave window go to 'File->New Waveform Configuration' or type 'create_wave_config' in the TCL console."
#   }
# }
# run 1000ns
result=3cae6faa5a33f7b644fa44e3366e1027b6e3b765113475c1fc4fee955901dfad931b4ee3efa4d6c3ce29feaf1ba45d18ba6691aa518b36d3c4bb4b15983879c51
result=18629ec2eea705a0352a4c9d88a2b12dd8ac5ad0aa2d96ed41f4c5b737a5daacf0a16e146d8c2f25c6235378bcb6fcbc37194ea6ef14fee06746cdd4b742fb81b
$finish called at time : 335 ns : File "/users/start2015/r0575928/Desktop/ddplatforms_2017/ddp_hw/rsa-project/src/rtl/tb_adder.v" Line 129
INFO: [USF-XSim-96] XSim completed. Design snapshot 'tb_adder_behav' loaded.
INFO: [USF-XSim-97] XSim simulation ran for 1000ns
reset_run synth_1
launch_runs impl_1
[Tue Oct 24 13:05:49 2017] Launched synth_1...
Run output will be captured here: /users/start2015/r0575928/Desktop/ddplatforms_2017/ddp_hw/rsa-project/rsa_project/rsa_project.runs/synth_1/runme.log
[Tue Oct 24 13:05:49 2017] Launched impl_1...
Run output will be captured here: /users/start2015/r0575928/Desktop/ddplatforms_2017/ddp_hw/rsa-project/rsa_project/rsa_project.runs/impl_1/runme.log
refresh_design
INFO: [Netlist 29-17] Analyzing 88 Unisim elements for replacement
INFO: [Netlist 29-28] Unisim Transformation completed in 0 CPU seconds
INFO: [Project 1-479] Netlist was created with Vivado 2016.2
INFO: [Project 1-570] Preparing netlist for logic optimization
Parsing XDC File [/tmp/.Xil_r0575928/Vivado-31835-pc-klas1-3.esat.kuleuven.be/dcp/hweval_adder.xdc]
Finished Parsing XDC File [/tmp/.Xil_r0575928/Vivado-31835-pc-klas1-3.esat.kuleuven.be/dcp/hweval_adder.xdc]
Reading XDEF placement.
Reading placer database...
Reading XDEF routing.
Read XDEF File: Time (s): cpu = 00:00:00.22 ; elapsed = 00:00:00.22 . Memory (MB): peak = 6915.945 ; gain = 0.000 ; free physical = 2892 ; free virtual = 21371
Restored from archive | CPU: 0.220000 secs | Memory: 3.971199 MB |
Finished XDEF File Restore: Time (s): cpu = 00:00:00.22 ; elapsed = 00:00:00.22 . Memory (MB): peak = 6915.945 ; gain = 0.000 ; free physical = 2892 ; free virtual = 21371
report_timing_summary -delay_type min_max -report_unconstrained -check_timing_verbose -max_paths 10 -input_pins -name timing_1
INFO: [Timing 38-35] Done setting XDC timing constraints.
INFO: [Timing 38-91] UpdateTimingParams: Speed grade: -1, Delay Type: min_max.
INFO: [Timing 38-191] Multithreading enabled for timing update using a maximum of 4 CPUs
report_utilization -name utilization_1
report_utilization: Time (s): cpu = 00:00:02 ; elapsed = 00:00:01 . Memory (MB): peak = 6915.953 ; gain = 0.008 ; free physical = 2880 ; free virtual = 21363
report_timing_summary -delay_type min_max -report_unconstrained -check_timing_verbose -max_paths 10 -input_pins -name timing_2
INFO: [Timing 38-91] UpdateTimingParams: Speed grade: -1, Delay Type: min_max.
INFO: [Timing 38-191] Multithreading enabled for timing update using a maximum of 4 CPUs
close_sim
INFO: [Simtcl 6-16] Simulation closed
exit
INFO: [Common 17-206] Exiting Vivado at Tue Oct 24 13:12:17 2017...
